#
# A fatal error has been detected by the Java Runtime Environment:
#
#  EXCEPTION_ACCESS_VIOLATION (0xc0000005) at pc=0x00007ffe54cb21c7, pid=4292, tid=2380
#
# JRE version: Java(TM) SE Runtime Environment (11.0.1+13) (build 11.0.1+13-LTS)
# Java VM: Java HotSpot(TM) 64-Bit Server VM (11.0.1+13-LTS, mixed mode, tiered, compressed oops, g1 gc, windows-amd64)
# Problematic frame:
# C  [lwjgl_opengl.dll+0x121c7]
#
# No core dump will be written. Minidumps are not enabled by default on client versions of Windows
#
# If you would like to submit a bug report, please visit:
#   http://bugreport.java.com/bugreport/crash.jsp
# The crash happened outside the Java Virtual Machine in native code.
# See problematic frame for where to report the bug.
#

---------------  S U M M A R Y ------------

Command Line: -Didea.launcher.port=49763 -Didea.launcher.bin.path=C:\Program Files\JetBrains\IntelliJ IDEA Community Edition 2018.1.1\bin -Dfile.encoding=UTF-8 com.intellij.rt.execution.application.AppMainV2 CGA.User.main

Host: Intel(R) Core(TM) i5-4210M CPU @ 2.60GHz, 4 cores, 3G,  Windows 8.1 , 64 bit Build 9600 (6.3.9600.19358)
Time: Wed May 29 16:11:29 2019 Mitteleuropäische Sommerzeit elapsed time: 0 seconds (0d 0h 0m 0s)

---------------  T H R E A D  ---------------

Current thread (0x000000d5623d6800):  JavaThread "main" [_thread_in_native, id=2380, stack(0x000000d561a70000,0x000000d561b70000)]

Stack: [0x000000d561a70000,0x000000d561b70000],  sp=0x000000d561b6e6b8,  free space=1017k
Native frames: (J=compiled Java code, j=interpreted, Vv=VM code, C=native code)
C  [lwjgl_opengl.dll+0x121c7]

Java frames: (J=compiled Java code, j=interpreted, Vv=VM code)
j  org.lwjgl.opengl.GL20.glCreateShader(I)I+0
j  CGA.User.DataStructures.ShaderProgram.<init>(Ljava/lang/String;Ljava/lang/String;)V+75
j  CGA.User.Game.Scene.init()Z+9
j  CGA.User.Game.Scene.<init>(LCGA/Framework/GameWindow;)V+10
j  CGA.User.Game.Game.<init>(IIZZLjava/lang/String;II)V+24
j  CGA.User.main.main([Ljava/lang/String;)V+16
v  ~StubRoutines::call_stub
j  jdk.internal.reflect.NativeMethodAccessorImpl.invoke0(Ljava/lang/reflect/Method;Ljava/lang/Object;[Ljava/lang/Object;)Ljava/lang/Object;+0 java.base@11.0.1
j  jdk.internal.reflect.NativeMethodAccessorImpl.invoke(Ljava/lang/Object;[Ljava/lang/Object;)Ljava/lang/Object;+100 java.base@11.0.1
j  jdk.internal.reflect.DelegatingMethodAccessorImpl.invoke(Ljava/lang/Object;[Ljava/lang/Object;)Ljava/lang/Object;+6 java.base@11.0.1
j  java.lang.reflect.Method.invoke(Ljava/lang/Object;[Ljava/lang/Object;)Ljava/lang/Object;+59 java.base@11.0.1
j  com.intellij.rt.execution.application.AppMainV2.main([Ljava/lang/String;)V+184
v  ~StubRoutines::call_stub

siginfo: EXCEPTION_ACCESS_VIOLATION (0xc0000005), reading address 0x0000000000000880


Register to memory mapping:

RIP=0x00007ffe54cb21c7 lwjgl_opengl.dll
RAX=0x00007ffe4381b0f0 jvm.dll
RBX={method} {0x000000d57ee53220} 'glCreateShader' '(I)I' in 'org/lwjgl/opengl/GL20'
RCX=0x0 is NULL
RDX=0x000000d561b6e748 is pointing into the stack for thread: 0x000000d5623d6800
RSP=0x000000d561b6e6b8 is pointing into the stack for thread: 0x000000d5623d6800
RBP=0x000000d561b6e738 is pointing into the stack for thread: 0x000000d5623d6800
RSI=0x00000000000001f0 is an unknown value
RDI=0x00000000c4aad918 is an oop
java.lang.String 
{0x00000000c4aad918} - klass: 'java/lang/String'
R8 =0x0000000000008b31 is an unknown value
R9 =0x0000000000000004 is an unknown value
R10=0x000000d56a6cf008 is at code_begin+1000 in an Interpreter codelet
method entry point (kind = native)  [0x000000d56a6cec20, 0x000000d56a6cf780]  2912 bytes
R11=0x00000000c4ad4a58 is an oop
java.lang.Class 
{0x00000000c4ad4a58} - klass: 'java/lang/Class'
R12=0x0 is NULL
R13={method} {0x000000d57ee53220} 'glCreateShader' '(I)I' in 'org/lwjgl/opengl/GL20'
R14=0x000000d561b6e758 is pointing into the stack for thread: 0x000000d5623d6800
R15=0x000000d5623d6800 is a thread


Registers:
RAX=0x00007ffe4381b0f0, RBX=0x000000d57ee53218, RCX=0x0000000000000000, RDX=0x000000d561b6e748
RSP=0x000000d561b6e6b8, RBP=0x000000d561b6e738, RSI=0x00000000000001f0, RDI=0x00000000c4aad918
R8 =0x0000000000008b31, R9 =0x0000000000000004, R10=0x000000d56a6cf008, R11=0x00000000c4ad4a58
R12=0x0000000000000000, R13=0x000000d57ee53218, R14=0x000000d561b6e758, R15=0x000000d5623d6800
RIP=0x00007ffe54cb21c7, EFLAGS=0x0000000000010202

Top of Stack: (sp=0x000000d561b6e6b8)
0x000000d561b6e6b8:   000000d56a6cf037 000000d5623d6800
0x000000d561b6e6c8:   000000d57ee53218 00000000000001f0
0x000000d561b6e6d8:   0000000000000000 00000000c4aad680
0x000000d561b6e6e8:   000000d56a6cecd6 000000d561b6e6f0
0x000000d561b6e6f8:   000000d57ee53218 000000d561b6e758
0x000000d561b6e708:   000000d57ee60040 0000000000000000
0x000000d561b6e718:   00000000c4ad4a58 000000d57ee53218
0x000000d561b6e728:   0000000000000000 000000d561b6e758
0x000000d561b6e738:   000000d561b6e7a8 000000d56a6c9840
0x000000d561b6e748:   00000000c4ad4a58 000000d56a6cbf96
0x000000d561b6e758:   0000000000008b31 000000d561b6e760
0x000000d561b6e768:   000000d57ee4e14b 000000d561b6e800
0x000000d561b6e778:   000000d57ee4e940 0000000000000000
0x000000d561b6e788:   00000000c4aac778 000000d57ee4e350
0x000000d561b6e798:   000000d561b6e758 000000d561b6e7f0
0x000000d561b6e7a8:   000000d561b6e860 000000d56a6c9e03 

Instructions: (pc=0x00007ffe54cb21c7)
0x00007ffe54cb21a7:   48 8b 81 40 1b 00 00 41 8b c8 48 ff e0 cc cc cc
0x00007ffe54cb21b7:   cc cc cc cc cc cc cc cc cc 48 8b 01 48 8b 48 18
0x00007ffe54cb21c7:   48 8b 81 80 08 00 00 41 8b c8 48 ff e0 cc cc cc
0x00007ffe54cb21d7:   cc cc cc cc cc cc cc cc cc 48 8b 01 41 8b c8 48 



---------------  P R O C E S S  ---------------

Threads class SMR info:
_java_thread_list=0x000000d500344850, length=12, elements={
0x000000d5623d6800, 0x000000d57e43b000, 0x000000d57e444000, 0x000000d57f2d3800,
0x000000d57e454800, 0x000000d57e456800, 0x000000d57e461000, 0x000000d57e479000,
0x000000d57f42a800, 0x000000d57f431800, 0x000000d5001d6800, 0x000000d5007eb800
}

Java Threads: ( => current thread )
=>0x000000d5623d6800 JavaThread "main" [_thread_in_native, id=2380, stack(0x000000d561a70000,0x000000d561b70000)]
  0x000000d57e43b000 JavaThread "Reference Handler" daemon [_thread_blocked, id=1700, stack(0x000000d57ef80000,0x000000d57f080000)]
  0x000000d57e444000 JavaThread "Finalizer" daemon [_thread_blocked, id=7768, stack(0x000000d57f080000,0x000000d57f180000)]
  0x000000d57f2d3800 JavaThread "Signal Dispatcher" daemon [_thread_blocked, id=4628, stack(0x000000d57f690000,0x000000d57f790000)]
  0x000000d57e454800 JavaThread "Attach Listener" daemon [_thread_blocked, id=2156, stack(0x000000d57f790000,0x000000d57f890000)]
  0x000000d57e456800 JavaThread "C2 CompilerThread0" daemon [_thread_blocked, id=8092, stack(0x000000d57f890000,0x000000d57f990000)]
  0x000000d57e461000 JavaThread "C1 CompilerThread0" daemon [_thread_blocked, id=6300, stack(0x000000d57f990000,0x000000d57fa90000)]
  0x000000d57e479000 JavaThread "Sweeper thread" daemon [_thread_blocked, id=6156, stack(0x000000d57fa90000,0x000000d57fb90000)]
  0x000000d57f42a800 JavaThread "Service Thread" daemon [_thread_blocked, id=5760, stack(0x000000d57fb90000,0x000000d57fc90000)]
  0x000000d57f431800 JavaThread "Common-Cleaner" daemon [_thread_blocked, id=7764, stack(0x000000d57fd90000,0x000000d57fe90000)]
  0x000000d5001d6800 JavaThread "Monitor Ctrl-Break" daemon [_thread_in_native, id=6832, stack(0x000000d57fe90000,0x000000d57ff90000)]
  0x000000d5007eb800 JavaThread "C2 CompilerThread1" daemon [_thread_blocked, id=1464, stack(0x000001a902ea0000,0x000001a902fa0000)]

Other Threads:
  0x000000d57e414800 VMThread "VM Thread" [stack: 0x000000d57ee80000,0x000000d57ef80000] [id=3048]
  0x000000d57f435000 WatcherThread [stack: 0x000000d57fc90000,0x000000d57fd90000] [id=7180]
  0x000000d5623ee000 GCTaskThread "GC Thread#0" [stack: 0x000000d561d50000,0x000000d561e50000] [id=8052]
  0x000000d562407800 ConcurrentGCThread "G1 Main Marker" [stack: 0x000000d57bc40000,0x000000d57bd40000] [id=6416]
  0x000000d562409000 ConcurrentGCThread "G1 Conc#0" [stack: 0x000000d57bd40000,0x000000d57be40000] [id=4560]
  0x000000d57e290800 ConcurrentGCThread "G1 Refine#0" [stack: 0x000000d57e480000,0x000000d57e580000] [id=8112]
  0x000000d56245f800 ConcurrentGCThread "G1 Young RemSet Sampling" [stack: 0x000000d57e580000,0x000000d57e680000] [id=2876]

Threads with active compile tasks:

VM state:not at safepoint (normal execution)

VM Mutex/Monitor currently owned by a thread: None

Heap address: 0x00000000c1200000, size: 1006 MB, Compressed Oops mode: 32-bit
Narrow klass base: 0x0000000000000000, Narrow klass shift: 3
Compressed class space size: 1073741824 Address: 0x0000000100000000

Heap:
 garbage-first heap   total 65536K, used 8192K [0x00000000c1200000, 0x0000000100000000)
  region size 1024K, 9 young (9216K), 0 survivors (0K)
 Metaspace       used 8764K, capacity 8948K, committed 9088K, reserved 1056768K
  class space    used 763K, capacity 788K, committed 896K, reserved 1048576K
Heap Regions: E=young(eden), S=young(survivor), O=old, HS=humongous(starts), HC=humongous(continues), CS=collection set, F=free, A=archive, TAMS=top-at-mark-start (previous, next)
|   0|0x00000000c1200000, 0x00000000c1200000, 0x00000000c1300000|  0%| F|  |TAMS 0x00000000c1200000, 0x00000000c1200000| Untracked 
|   1|0x00000000c1300000, 0x00000000c1300000, 0x00000000c1400000|  0%| F|  |TAMS 0x00000000c1300000, 0x00000000c1300000| Untracked 
|   2|0x00000000c1400000, 0x00000000c1400000, 0x00000000c1500000|  0%| F|  |TAMS 0x00000000c1400000, 0x00000000c1400000| Untracked 
|   3|0x00000000c1500000, 0x00000000c1500000, 0x00000000c1600000|  0%| F|  |TAMS 0x00000000c1500000, 0x00000000c1500000| Untracked 
|   4|0x00000000c1600000, 0x00000000c1600000, 0x00000000c1700000|  0%| F|  |TAMS 0x00000000c1600000, 0x00000000c1600000| Untracked 
|   5|0x00000000c1700000, 0x00000000c1700000, 0x00000000c1800000|  0%| F|  |TAMS 0x00000000c1700000, 0x00000000c1700000| Untracked 
|   6|0x00000000c1800000, 0x00000000c1800000, 0x00000000c1900000|  0%| F|  |TAMS 0x00000000c1800000, 0x00000000c1800000| Untracked 
|   7|0x00000000c1900000, 0x00000000c1900000, 0x00000000c1a00000|  0%| F|  |TAMS 0x00000000c1900000, 0x00000000c1900000| Untracked 
|   8|0x00000000c1a00000, 0x00000000c1a00000, 0x00000000c1b00000|  0%| F|  |TAMS 0x00000000c1a00000, 0x00000000c1a00000| Untracked 
|   9|0x00000000c1b00000, 0x00000000c1b00000, 0x00000000c1c00000|  0%| F|  |TAMS 0x00000000c1b00000, 0x00000000c1b00000| Untracked 
|  10|0x00000000c1c00000, 0x00000000c1c00000, 0x00000000c1d00000|  0%| F|  |TAMS 0x00000000c1c00000, 0x00000000c1c00000| Untracked 
|  11|0x00000000c1d00000, 0x00000000c1d00000, 0x00000000c1e00000|  0%| F|  |TAMS 0x00000000c1d00000, 0x00000000c1d00000| Untracked 
|  12|0x00000000c1e00000, 0x00000000c1e00000, 0x00000000c1f00000|  0%| F|  |TAMS 0x00000000c1e00000, 0x00000000c1e00000| Untracked 
|  13|0x00000000c1f00000, 0x00000000c1f00000, 0x00000000c2000000|  0%| F|  |TAMS 0x00000000c1f00000, 0x00000000c1f00000| Untracked 
|  14|0x00000000c2000000, 0x00000000c2000000, 0x00000000c2100000|  0%| F|  |TAMS 0x00000000c2000000, 0x00000000c2000000| Untracked 
|  15|0x00000000c2100000, 0x00000000c2100000, 0x00000000c2200000|  0%| F|  |TAMS 0x00000000c2100000, 0x00000000c2100000| Untracked 
|  16|0x00000000c2200000, 0x00000000c2200000, 0x00000000c2300000|  0%| F|  |TAMS 0x00000000c2200000, 0x00000000c2200000| Untracked 
|  17|0x00000000c2300000, 0x00000000c2300000, 0x00000000c2400000|  0%| F|  |TAMS 0x00000000c2300000, 0x00000000c2300000| Untracked 
|  18|0x00000000c2400000, 0x00000000c2400000, 0x00000000c2500000|  0%| F|  |TAMS 0x00000000c2400000, 0x00000000c2400000| Untracked 
|  19|0x00000000c2500000, 0x00000000c2500000, 0x00000000c2600000|  0%| F|  |TAMS 0x00000000c2500000, 0x00000000c2500000| Untracked 
|  20|0x00000000c2600000, 0x00000000c2600000, 0x00000000c2700000|  0%| F|  |TAMS 0x00000000c2600000, 0x00000000c2600000| Untracked 
|  21|0x00000000c2700000, 0x00000000c2700000, 0x00000000c2800000|  0%| F|  |TAMS 0x00000000c2700000, 0x00000000c2700000| Untracked 
|  22|0x00000000c2800000, 0x00000000c2800000, 0x00000000c2900000|  0%| F|  |TAMS 0x00000000c2800000, 0x00000000c2800000| Untracked 
|  23|0x00000000c2900000, 0x00000000c2900000, 0x00000000c2a00000|  0%| F|  |TAMS 0x00000000c2900000, 0x00000000c2900000| Untracked 
|  24|0x00000000c2a00000, 0x00000000c2a00000, 0x00000000c2b00000|  0%| F|  |TAMS 0x00000000c2a00000, 0x00000000c2a00000| Untracked 
|  25|0x00000000c2b00000, 0x00000000c2b00000, 0x00000000c2c00000|  0%| F|  |TAMS 0x00000000c2b00000, 0x00000000c2b00000| Untracked 
|  26|0x00000000c2c00000, 0x00000000c2c00000, 0x00000000c2d00000|  0%| F|  |TAMS 0x00000000c2c00000, 0x00000000c2c00000| Untracked 
|  27|0x00000000c2d00000, 0x00000000c2d00000, 0x00000000c2e00000|  0%| F|  |TAMS 0x00000000c2d00000, 0x00000000c2d00000| Untracked 
|  28|0x00000000c2e00000, 0x00000000c2e00000, 0x00000000c2f00000|  0%| F|  |TAMS 0x00000000c2e00000, 0x00000000c2e00000| Untracked 
|  29|0x00000000c2f00000, 0x00000000c2f00000, 0x00000000c3000000|  0%| F|  |TAMS 0x00000000c2f00000, 0x00000000c2f00000| Untracked 
|  30|0x00000000c3000000, 0x00000000c3000000, 0x00000000c3100000|  0%| F|  |TAMS 0x00000000c3000000, 0x00000000c3000000| Untracked 
|  31|0x00000000c3100000, 0x00000000c3100000, 0x00000000c3200000|  0%| F|  |TAMS 0x00000000c3100000, 0x00000000c3100000| Untracked 
|  32|0x00000000c3200000, 0x00000000c3200000, 0x00000000c3300000|  0%| F|  |TAMS 0x00000000c3200000, 0x00000000c3200000| Untracked 
|  33|0x00000000c3300000, 0x00000000c3300000, 0x00000000c3400000|  0%| F|  |TAMS 0x00000000c3300000, 0x00000000c3300000| Untracked 
|  34|0x00000000c3400000, 0x00000000c3400000, 0x00000000c3500000|  0%| F|  |TAMS 0x00000000c3400000, 0x00000000c3400000| Untracked 
|  35|0x00000000c3500000, 0x00000000c3500000, 0x00000000c3600000|  0%| F|  |TAMS 0x00000000c3500000, 0x00000000c3500000| Untracked 
|  36|0x00000000c3600000, 0x00000000c3600000, 0x00000000c3700000|  0%| F|  |TAMS 0x00000000c3600000, 0x00000000c3600000| Untracked 
|  37|0x00000000c3700000, 0x00000000c3700000, 0x00000000c3800000|  0%| F|  |TAMS 0x00000000c3700000, 0x00000000c3700000| Untracked 
|  38|0x00000000c3800000, 0x00000000c3800000, 0x00000000c3900000|  0%| F|  |TAMS 0x00000000c3800000, 0x00000000c3800000| Untracked 
|  39|0x00000000c3900000, 0x00000000c3900000, 0x00000000c3a00000|  0%| F|  |TAMS 0x00000000c3900000, 0x00000000c3900000| Untracked 
|  40|0x00000000c3a00000, 0x00000000c3a00000, 0x00000000c3b00000|  0%| F|  |TAMS 0x00000000c3a00000, 0x00000000c3a00000| Untracked 
|  41|0x00000000c3b00000, 0x00000000c3b00000, 0x00000000c3c00000|  0%| F|  |TAMS 0x00000000c3b00000, 0x00000000c3b00000| Untracked 
|  42|0x00000000c3c00000, 0x00000000c3c00000, 0x00000000c3d00000|  0%| F|  |TAMS 0x00000000c3c00000, 0x00000000c3c00000| Untracked 
|  43|0x00000000c3d00000, 0x00000000c3d00000, 0x00000000c3e00000|  0%| F|  |TAMS 0x00000000c3d00000, 0x00000000c3d00000| Untracked 
|  44|0x00000000c3e00000, 0x00000000c3e00000, 0x00000000c3f00000|  0%| F|  |TAMS 0x00000000c3e00000, 0x00000000c3e00000| Untracked 
|  45|0x00000000c3f00000, 0x00000000c3f00000, 0x00000000c4000000|  0%| F|  |TAMS 0x00000000c3f00000, 0x00000000c3f00000| Untracked 
|  46|0x00000000c4000000, 0x00000000c4000000, 0x00000000c4100000|  0%| F|  |TAMS 0x00000000c4000000, 0x00000000c4000000| Untracked 
|  47|0x00000000c4100000, 0x00000000c4100000, 0x00000000c4200000|  0%| F|  |TAMS 0x00000000c4100000, 0x00000000c4100000| Untracked 
|  48|0x00000000c4200000, 0x00000000c4200000, 0x00000000c4300000|  0%| F|  |TAMS 0x00000000c4200000, 0x00000000c4200000| Untracked 
|  49|0x00000000c4300000, 0x00000000c4300000, 0x00000000c4400000|  0%| F|  |TAMS 0x00000000c4300000, 0x00000000c4300000| Untracked 
|  50|0x00000000c4400000, 0x00000000c4400000, 0x00000000c4500000|  0%| F|  |TAMS 0x00000000c4400000, 0x00000000c4400000| Untracked 
|  51|0x00000000c4500000, 0x00000000c4500000, 0x00000000c4600000|  0%| F|  |TAMS 0x00000000c4500000, 0x00000000c4500000| Untracked 
|  52|0x00000000c4600000, 0x00000000c4600000, 0x00000000c4700000|  0%| F|  |TAMS 0x00000000c4600000, 0x00000000c4600000| Untracked 
|  53|0x00000000c4700000, 0x00000000c4700000, 0x00000000c4800000|  0%| F|  |TAMS 0x00000000c4700000, 0x00000000c4700000| Untracked 
|  54|0x00000000c4800000, 0x00000000c4800000, 0x00000000c4900000|  0%| F|  |TAMS 0x00000000c4800000, 0x00000000c4800000| Untracked 
|  55|0x00000000c4900000, 0x00000000c498fe78, 0x00000000c4a00000| 56%| E|  |TAMS 0x00000000c4900000, 0x00000000c4900000| Complete 
|  56|0x00000000c4a00000, 0x00000000c4b00000, 0x00000000c4b00000|100%| E|CS|TAMS 0x00000000c4a00000, 0x00000000c4a00000| Complete 
|  57|0x00000000c4b00000, 0x00000000c4c00000, 0x00000000c4c00000|100%| E|CS|TAMS 0x00000000c4b00000, 0x00000000c4b00000| Complete 
|  58|0x00000000c4c00000, 0x00000000c4d00000, 0x00000000c4d00000|100%| E|CS|TAMS 0x00000000c4c00000, 0x00000000c4c00000| Complete 
|  59|0x00000000c4d00000, 0x00000000c4e00000, 0x00000000c4e00000|100%| E|CS|TAMS 0x00000000c4d00000, 0x00000000c4d00000| Complete 
|  60|0x00000000c4e00000, 0x00000000c4f00000, 0x00000000c4f00000|100%| E|CS|TAMS 0x00000000c4e00000, 0x00000000c4e00000| Complete 
|  61|0x00000000c4f00000, 0x00000000c5000000, 0x00000000c5000000|100%| E|CS|TAMS 0x00000000c4f00000, 0x00000000c4f00000| Complete 
|  62|0x00000000c5000000, 0x00000000c5100000, 0x00000000c5100000|100%| E|CS|TAMS 0x00000000c5000000, 0x00000000c5000000| Complete 
|  63|0x00000000c5100000, 0x00000000c5200000, 0x00000000c5200000|100%| E|CS|TAMS 0x00000000c5100000, 0x00000000c5100000| Complete 

Card table byte_map: [0x000000d5798c0000,0x000000d579ac0000] _byte_map_base: 0x000000d5792b7000

Marking Bits (Prev, Next): (CMBitMap*) 0x000000d562402c68, (CMBitMap*) 0x000000d562402ca0
 Prev Bits: [0x000000d579cc0000, 0x000000d57ac78000)
 Next Bits: [0x000000d57ac80000, 0x000000d57bc38000)

Polling page: 0x000000d560110000

Metaspace:

Usage:
  Non-class:      7.97 MB capacity,     7.81 MB ( 98%) used,   150.96 KB (  2%) free+waste,     8.06 KB ( <1%) overhead. 
      Class:    788.00 KB capacity,   763.82 KB ( 97%) used,    20.74 KB (  3%) free+waste,     3.44 KB ( <1%) overhead. 
       Both:      8.74 MB capacity,     8.56 MB ( 98%) used,   171.70 KB (  2%) free+waste,    11.50 KB ( <1%) overhead. 

Virtual space:
  Non-class space:        8.00 MB reserved,       8.00 MB (100%) committed 
      Class space:        1.00 GB reserved,     896.00 KB ( <1%) committed 
             Both:        1.01 GB reserved,       8.88 MB ( <1%) committed 

Chunk freelists:
   Non-Class:  4.00 KB
       Class:  1.50 KB
        Both:  5.50 KB

CodeHeap 'non-profiled nmethods': size=120064Kb used=185Kb max_used=185Kb free=119878Kb
 bounds [0x000000d572180000, 0x000000d5723f0000, 0x000000d5796c0000]
CodeHeap 'profiled nmethods': size=120000Kb used=1107Kb max_used=1107Kb free=118892Kb
 bounds [0x000000d56ac50000, 0x000000d56aec0000, 0x000000d572180000]
CodeHeap 'non-nmethods': size=5696Kb used=1319Kb max_used=1332Kb free=4376Kb
 bounds [0x000000d56a6c0000, 0x000000d56a930000, 0x000000d56ac50000]
 total_blobs=1517 nmethods=608 adapters=668
 compilation: enabled
              stopped_count=0, restarted_count=0
 full_count=0

Compilation events (10 events):
Event: 0.749 Thread 0x000000d57e461000 nmethod 607 0x000000d56ad61990 code [0x000000d56ad61b40, 0x000000d56ad61d70]
Event: 0.749 Thread 0x000000d57e461000  608       3       java.net.URLStreamHandler::toExternalForm (156 bytes)
Event: 0.754 Thread 0x000000d57e461000 nmethod 608 0x000000d56ad61e10 code [0x000000d56ad622c0, 0x000000d56ad64300]
Event: 0.754 Thread 0x000000d57e456800 nmethod 580 0x000000d5721ab490 code [0x000000d5721ab700, 0x000000d5721ac230]
Event: 0.754 Thread 0x000000d57e456800  600       4       java.lang.StringUTF16::compress (50 bytes)
Event: 0.762 Thread 0x000000d57e456800 nmethod 600 0x000000d5721ac790 code [0x000000d5721ac920, 0x000000d5721acbf8]
Event: 0.762 Thread 0x000000d57e456800  587       4       java.lang.StringLatin1::toLowerCase (180 bytes)
Event: 0.763 Thread 0x000000d5007eb800 nmethod 599 0x000000d5721acd10 code [0x000000d5721acec0, 0x000000d5721ad318]
Event: 0.763 Thread 0x000000d5007eb800  581   !   4       jdk.internal.loader.URLClassPath$JarLoader::ensureOpen (36 bytes)
Event: 0.764 Thread 0x000000d5007eb800 nmethod 581 0x000000d5721ad590 code [0x000000d5721ad720, 0x000000d5721ad798]

GC Heap History (0 events):
No events

Deoptimization events (2 events):
Event: 0.164 Thread 0x000000d5623d6800 Uncommon trap: reason=unstable_if action=reinterpret pc=0x000000d5721863f0 method=java.lang.String.hashCode()I @ 14 c2
Event: 0.169 Thread 0x000000d5623d6800 Uncommon trap: reason=unstable_if action=reinterpret pc=0x000000d572181890 method=java.lang.String.isLatin1()Z @ 10 c2

Classes redefined (0 events):
No events

Internal exceptions (4 events):
Event: 0.421 Thread 0x000000d5623d6800 Exception <a 'java/lang/NoSuchMethodError'{0x00000000c4c4ece8}: java.lang.invoke.DelegatingMethodHandle$Holder.delegate(Ljava/lang/Object;Ljava/lang/Object;ILjava/lang/Object;)V> (0x00000000c4c4ece8) thrown at [t:/workspace/open/src/hotspot/share/interpre
Event: 0.422 Thread 0x000000d5623d6800 Exception <a 'java/lang/NoSuchMethodError'{0x00000000c4c561e8}: java.lang.invoke.DirectMethodHandle$Holder.invokeStaticInit(Ljava/lang/Object;Ljava/lang/Object;Ljava/lang/Object;)Ljava/lang/Object;> (0x00000000c4c561e8) thrown at [t:/workspace/open/src/ho
Event: 0.746 Thread 0x000000d5623d6800 Exception <a 'sun/nio/fs/WindowsException'{0x00000000c4922ed8}> (0x00000000c4922ed8) thrown at [t:/workspace/open/src/hotspot/share/prims/jni.cpp, line 615]
Event: 0.746 Thread 0x000000d5623d6800 Exception <a 'sun/nio/fs/WindowsException'{0x00000000c4923400}> (0x00000000c4923400) thrown at [t:/workspace/open/src/hotspot/share/prims/jni.cpp, line 615]

Events (10 events):
Event: 0.747 loading class java/nio/file/NoSuchFileException
Event: 0.747 loading class java/nio/file/FileSystemException
Event: 0.747 loading class java/nio/file/FileSystemException done
Event: 0.747 loading class java/nio/file/NoSuchFileException done
Event: 0.747 loading class org/lwjgl/opengl/GL$1
Event: 0.747 loading class org/lwjgl/opengl/GL$1 done
Event: 0.748 loading class org/lwjgl/opengl/GL$SharedLibraryGL
Event: 0.748 loading class org/lwjgl/opengl/GL$SharedLibraryGL done
Event: 0.748 loading class org/lwjgl/system/SharedLibrary$Delegate
Event: 0.748 loading class org/lwjgl/system/SharedLibrary$Delegate done


Dynamic libraries:
0x00007ff7611a0000 - 0x00007ff7611e7000 	C:\Program Files (x86)\Java\jdk-11.0.1\bin\java.exe
0x00007ffe63f20000 - 0x00007ffe640cd000 	C:\WINDOWS\SYSTEM32\ntdll.dll
0x00007ffe618c0000 - 0x00007ffe619ff000 	C:\WINDOWS\system32\KERNEL32.DLL
0x00007ffe480c0000 - 0x00007ffe480d2000 	C:\Program Files\AVAST Software\Avast\aswhook.dll
0x00007ffe61380000 - 0x00007ffe61495000 	C:\WINDOWS\system32\KERNELBASE.dll
0x00007ffe622b0000 - 0x00007ffe6235a000 	C:\WINDOWS\system32\ADVAPI32.dll
0x00007ffe62600000 - 0x00007ffe62777000 	C:\WINDOWS\system32\USER32.dll
0x00007ffe5f140000 - 0x00007ffe5f3bb000 	C:\WINDOWS\WinSxS\amd64_microsoft.windows.common-controls_6595b64144ccf1df_6.0.9600.19358_none_6244092fecba36f7\COMCTL32.dll
0x00007ffe5e830000 - 0x00007ffe5e83a000 	C:\WINDOWS\SYSTEM32\VERSION.dll
0x00007ffe62190000 - 0x00007ffe6223a000 	C:\WINDOWS\system32\msvcrt.dll
0x00007ffe63ec0000 - 0x00007ffe63f19000 	C:\WINDOWS\SYSTEM32\sechost.dll
0x00007ffe61e10000 - 0x00007ffe61f50000 	C:\WINDOWS\system32\RPCRT4.dll
0x00007ffe62360000 - 0x00007ffe624ac000 	C:\WINDOWS\system32\GDI32.dll
0x00007ffe61300000 - 0x00007ffe6132e000 	C:\WINDOWS\system32\SspiCli.dll
0x00007ffe61a20000 - 0x00007ffe61a56000 	C:\WINDOWS\system32\IMM32.DLL
0x00007ffe61760000 - 0x00007ffe618b1000 	C:\WINDOWS\system32\MSCTF.dll
0x00007ffe5c180000 - 0x00007ffe5c196000 	C:\Program Files (x86)\Java\jdk-11.0.1\bin\vcruntime140.dll
0x00007ffe5df90000 - 0x00007ffe5df94000 	C:\Program Files (x86)\Java\jdk-11.0.1\bin\api-ms-win-crt-runtime-l1-1-0.dll
0x00007ffe554c0000 - 0x00007ffe554c4000 	C:\Program Files (x86)\Java\jdk-11.0.1\bin\api-ms-win-crt-string-l1-1-0.dll
0x00007ffe554b0000 - 0x00007ffe554b3000 	C:\Program Files (x86)\Java\jdk-11.0.1\bin\api-ms-win-crt-heap-l1-1-0.dll
0x00007ffe554a0000 - 0x00007ffe554a4000 	C:\Program Files (x86)\Java\jdk-11.0.1\bin\api-ms-win-crt-stdio-l1-1-0.dll
0x00007ffe55490000 - 0x00007ffe55494000 	C:\Program Files (x86)\Java\jdk-11.0.1\bin\api-ms-win-crt-convert-l1-1-0.dll
0x00007ffe55390000 - 0x00007ffe55486000 	C:\Program Files (x86)\Java\jdk-11.0.1\bin\ucrtbase.DLL
0x00007ffe552e0000 - 0x00007ffe5538a000 	C:\Program Files (x86)\Java\jdk-11.0.1\bin\msvcp140.dll
0x00007ffe552d0000 - 0x00007ffe552d3000 	C:\Program Files (x86)\Java\jdk-11.0.1\bin\api-ms-win-crt-locale-l1-1-0.dll
0x00007ffe552c0000 - 0x00007ffe552c5000 	C:\Program Files (x86)\Java\jdk-11.0.1\bin\api-ms-win-crt-math-l1-1-0.dll
0x00007ffe552b0000 - 0x00007ffe552b5000 	C:\Program Files (x86)\Java\jdk-11.0.1\bin\api-ms-win-crt-multibyte-l1-1-0.dll
0x00007ffe55290000 - 0x00007ffe55293000 	C:\Program Files (x86)\Java\jdk-11.0.1\bin\api-ms-win-crt-time-l1-1-0.dll
0x00007ffe55280000 - 0x00007ffe55283000 	C:\Program Files (x86)\Java\jdk-11.0.1\bin\api-ms-win-crt-filesystem-l1-1-0.dll
0x00007ffe55270000 - 0x00007ffe55273000 	C:\Program Files (x86)\Java\jdk-11.0.1\bin\api-ms-win-crt-environment-l1-1-0.dll
0x00007ffe552a0000 - 0x00007ffe552a3000 	C:\Program Files (x86)\Java\jdk-11.0.1\bin\api-ms-win-crt-utility-l1-1-0.dll
0x00007ffe42e10000 - 0x00007ffe43952000 	C:\Program Files (x86)\Java\jdk-11.0.1\bin\server\jvm.dll
0x00007ffe59c60000 - 0x00007ffe59c69000 	C:\WINDOWS\SYSTEM32\WSOCK32.dll
0x00007ffe5e790000 - 0x00007ffe5e7b2000 	C:\WINDOWS\SYSTEM32\WINMM.dll
0x00007ffe615b0000 - 0x00007ffe615b7000 	C:\WINDOWS\system32\PSAPI.DLL
0x00007ffe62240000 - 0x00007ffe6229a000 	C:\WINDOWS\system32\WS2_32.dll
0x00007ffe5e6f0000 - 0x00007ffe5e71a000 	C:\WINDOWS\SYSTEM32\WINMMBASE.dll
0x00007ffe61a10000 - 0x00007ffe61a19000 	C:\WINDOWS\system32\NSI.dll
0x00007ffe61330000 - 0x00007ffe6137f000 	C:\WINDOWS\SYSTEM32\cfgmgr32.dll
0x00007ffe5fe70000 - 0x00007ffe5fe98000 	C:\WINDOWS\SYSTEM32\DEVOBJ.dll
0x00007ffe55250000 - 0x00007ffe55261000 	C:\Program Files (x86)\Java\jdk-11.0.1\bin\verify.dll
0x00007ffe57ed0000 - 0x00007ffe58059000 	C:\WINDOWS\SYSTEM32\DBGHELP.DLL
0x00007ffe55220000 - 0x00007ffe55249000 	C:\Program Files (x86)\Java\jdk-11.0.1\bin\java.dll
0x00007ffe55200000 - 0x00007ffe55216000 	C:\Program Files (x86)\Java\jdk-11.0.1\bin\zip.dll
0x00007ffe55170000 - 0x00007ffe5517a000 	C:\Program Files (x86)\Java\jdk-11.0.1\bin\jimage.dll
0x00007ffe62990000 - 0x00007ffe63ebb000 	C:\WINDOWS\system32\SHELL32.dll
0x00007ffe62780000 - 0x00007ffe62990000 	C:\WINDOWS\SYSTEM32\combase.dll
0x00007ffe61f50000 - 0x00007ffe61fa4000 	C:\WINDOWS\system32\SHLWAPI.dll
0x00007ffe5f620000 - 0x00007ffe5f6d2000 	C:\WINDOWS\SYSTEM32\SHCORE.dll
0x00007ffe61050000 - 0x00007ffe61065000 	C:\WINDOWS\SYSTEM32\profapi.dll
0x00007ffe55150000 - 0x00007ffe55169000 	C:\Program Files (x86)\Java\jdk-11.0.1\bin\net.dll
0x00007ffe58240000 - 0x00007ffe58309000 	C:\WINDOWS\SYSTEM32\WINHTTP.dll
0x00007ffe608e0000 - 0x00007ffe60939000 	C:\WINDOWS\system32\mswsock.dll
0x00007ffe55110000 - 0x00007ffe55123000 	C:\Program Files (x86)\Java\jdk-11.0.1\bin\nio.dll
0x00007ffe55040000 - 0x00007ffe5505a000 	C:\Program Files\JetBrains\IntelliJ IDEA Community Edition 2018.1.1\bin\breakgen64.dll
0x00007ffe54dd0000 - 0x00007ffe54e27000 	C:\Users\Administrator\AppData\Local\Temp\lwjglAdministrator\3.1.2-build-29\lwjgl.dll
0x00007ffe54d90000 - 0x00007ffe54dcd000 	C:\Users\ADMINI~1\AppData\Local\Temp\lwjglAdministrator\3.1.2-build-29\glfw.dll
0x00007ffe5fcc0000 - 0x00007ffe5fde9000 	C:\WINDOWS\system32\uxtheme.dll
0x00007ffe54d40000 - 0x00007ffe54d82000 	C:\WINDOWS\SYSTEM32\dinput8.dll
0x00007ffe550b0000 - 0x00007ffe550bd000 	C:\WINDOWS\SYSTEM32\xinput1_4.dll
0x00007ffe5f3c0000 - 0x00007ffe5f3e1000 	C:\WINDOWS\SYSTEM32\dwmapi.dll
0x00007ffe59d10000 - 0x00007ffe59dbb000 	C:\Program Files\Common Files\microsoft shared\ink\tiptsf.dll
0x00007ffe61ac0000 - 0x00007ffe61b87000 	C:\WINDOWS\system32\OLEAUT32.dll
0x00007ffe60230000 - 0x00007ffe6023d000 	C:\WINDOWS\SYSTEM32\HID.DLL
0x00007ffe61fb0000 - 0x00007ffe6218a000 	C:\WINDOWS\system32\SETUPAPI.DLL
0x00007ffe61550000 - 0x00007ffe615a1000 	C:\WINDOWS\system32\WINTRUST.dll
0x00007ffe61120000 - 0x00007ffe612ff000 	C:\WINDOWS\system32\CRYPT32.dll
0x00007ffe61100000 - 0x00007ffe61111000 	C:\WINDOWS\system32\MSASN1.dll
0x00007ffe54d00000 - 0x00007ffe54d3c000 	C:\Users\ADMINI~1\AppData\Local\Temp\lwjglAdministrator\3.1.2-build-29\jemalloc.dll
0x00007ffe48450000 - 0x00007ffe4857b000 	C:\WINDOWS\SYSTEM32\opengl32.dll
0x00007ffe48420000 - 0x00007ffe4844e000 	C:\WINDOWS\SYSTEM32\GLU32.dll
0x00007ffe4fbd0000 - 0x00007ffe4fcc8000 	C:\WINDOWS\SYSTEM32\DDRAW.dll
0x00007ffe5b780000 - 0x00007ffe5b789000 	C:\WINDOWS\SYSTEM32\DCIMAN32.dll
0x0000000180000000 - 0x000000018078e000 	C:\WINDOWS\SYSTEM32\ig75icd64.dll
0x00007ffe5b790000 - 0x00007ffe5bbd1000 	C:\WINDOWS\SYSTEM32\igdusc64.dll
0x00007ffe60ff0000 - 0x00007ffe61036000 	C:\WINDOWS\SYSTEM32\powrprof.dll
0x00007ffe615c0000 - 0x00007ffe61754000 	C:\WINDOWS\system32\ole32.dll
0x00007ffe5fcb0000 - 0x00007ffe5fcbb000 	C:\WINDOWS\SYSTEM32\kernel.appcore.dll
0x00007ffe60f20000 - 0x00007ffe60f2b000 	C:\WINDOWS\SYSTEM32\CRYPTBASE.dll
0x00007ffe60eb0000 - 0x00007ffe60f13000 	C:\WINDOWS\SYSTEM32\bcryptPrimitives.dll
0x00007ffe5dac0000 - 0x00007ffe5db2a000 	C:\WINDOWS\SYSTEM32\oleacc.dll
0x00007ffe54ca0000 - 0x00007ffe54cfc000 	C:\Users\Administrator\AppData\Local\Temp\lwjglAdministrator\3.1.2-build-29\lwjgl_opengl.dll

dbghelp: loaded successfully - version: 4.0.5 - missing functions: none
symbol engine: initialized successfully - sym options: 0x614 - pdb path: .;C:\Program Files (x86)\Java\jdk-11.0.1\bin;C:\WINDOWS\SYSTEM32;C:\Program Files\AVAST Software\Avast;C:\WINDOWS\WinSxS\amd64_microsoft.windows.common-controls_6595b64144ccf1df_6.0.9600.19358_none_6244092fecba36f7;C:\Program Files (x86)\Java\jdk-11.0.1\bin\server;C:\Program Files\JetBrains\IntelliJ IDEA Community Edition 2018.1.1\bin;C:\Users\Administrator\AppData\Local\Temp\lwjglAdministrator\3.1.2-build-29;C:\Users\ADMINI~1\AppData\Local\Temp\lwjglAdministrator\3.1.2-build-29;C:\Program Files\Common Files\microsoft shared\ink

VM Arguments:
jvm_args: -Didea.launcher.port=49763 -Didea.launcher.bin.path=C:\Program Files\JetBrains\IntelliJ IDEA Community Edition 2018.1.1\bin -Dfile.encoding=UTF-8 
java_command: com.intellij.rt.execution.application.AppMainV2 CGA.User.main
java_class_path (initial): C:\CGA19_Framework (2)\out\production\CGA19_Framework (2);C:\CGA19_Framework (2)\libs\lwjgl-release-3.1.2-custom\lwjgl-lmdb-sources.jar;C:\CGA19_Framework (2)\libs\lwjgl-release-3.1.2-custom\lwjgl-nuklear-natives-windows.jar;C:\CGA19_Framework (2)\libs\lwjgl-release-3.1.2-custom\lwjgl-opengles.jar;C:\CGA19_Framework (2)\libs\lwjgl-release-3.1.2-custom\lwjgl-yoga.jar;C:\CGA19_Framework (2)\libs\lwjgl-release-3.1.2-custom\lwjgl-nuklear-natives-linux.jar;C:\CGA19_Framework (2)\libs\lwjgl-release-3.1.2-custom\lwjgl-tinyexr-natives-linux.jar;C:\CGA19_Framework (2)\libs\lwjgl-release-3.1.2-custom\lwjgl-lmdb-natives-macos.jar;C:\CGA19_Framework (2)\libs\lwjgl-release-3.1.2-custom\lwjgl-tinyexr.jar;C:\CGA19_Framework (2)\libs\lwjgl-release-3.1.2-custom\lwjgl-nfd-natives-linux.jar;C:\CGA19_Framework (2)\libs\lwjgl-release-3.1.2-custom\lwjgl-par-sources.jar;C:\CGA19_Framework (2)\libs\lwjgl-release-3.1.2-custom\lwjgl-opengles-sources.jar;C:\CGA19_Framework (2)\libs\lwjgl-release-3.1.2-custom\lwjgl-natives-windows.jar;C:\CGA19_Framework (2)\libs\lwjgl-release-3.1.2-custom\lwjgl-assimp-sources.jar;C:\CGA19_Framework (2)\libs\lwjgl-release-3.1.2-custom\lwjgl-assimp-natives-macos.jar;C:\CGA19_Framework (2)\libs\lwjgl-release-3.1.2-custom\lwjgl-jemalloc-natives-linux.jar;C:\CGA19_Framework (2)\libs\lwjgl-release-3.1.2-custom\lwjgl-par.jar;C:\CGA19_Framework (2)\libs\lwjgl-release-3.1.2-custom\lwjgl-stb-natives-macos.jar;C:\CGA19_Framework (2)\libs\lwjgl-release-3.1.2-custom\lwjgl-nanovg-natives-windows.jar;C:\CGA19_Framework (2)\libs\lwjgl-release-3.1.2-custom\lwjgl-nanovg-natives-macos.jar;C:\CGA19_Framework (2)\libs\lwjgl-release-3.1.2-custom\lwjgl-yoga-sources.jar;C:\CGA19_Framework (2)\libs\lwjgl-release-3.1.2-custom\lwjgl-tinyexr-javadoc.jar;C:\CGA19_Framework (2)\libs\lwjgl-release-3.1.2-custom\lwjgl-yoga-natives-linux.jar;C:\CGA19_Framework (2)\libs\lwjgl-release-3.1.2-custom\lwjgl-nfd-javadoc.jar;C:\CGA19_Framework (2)\libs\lwjgl-release-3.1.2-
Launcher Type: SUN_STANDARD

[Global flags]
     intx CICompilerCount                          = 3                                         {product} {ergonomic}
     uint ConcGCThreads                            = 1                                         {product} {ergonomic}
     uint G1ConcRefinementThreads                  = 4                                         {product} {ergonomic}
   size_t G1HeapRegionSize                         = 1048576                                   {product} {ergonomic}
    uintx GCDrainStackTargetSize                   = 64                                        {product} {ergonomic}
   size_t InitialHeapSize                          = 67108864                                  {product} {ergonomic}
   size_t MarkStackSize                            = 4194304                                   {product} {ergonomic}
   size_t MaxHeapSize                              = 1054867456                                {product} {ergonomic}
   size_t MaxNewSize                               = 632291328                                 {product} {ergonomic}
   size_t MinHeapDeltaBytes                        = 1048576                                   {product} {ergonomic}
    uintx NonNMethodCodeHeapSize                   = 5830092                                {pd product} {ergonomic}
    uintx NonProfiledCodeHeapSize                  = 122914074                              {pd product} {ergonomic}
    uintx ProfiledCodeHeapSize                     = 122914074                              {pd product} {ergonomic}
    uintx ReservedCodeCacheSize                    = 251658240                              {pd product} {ergonomic}
     bool SegmentedCodeCache                       = true                                      {product} {ergonomic}
     bool UseCompressedClassPointers               = true                                 {lp64_product} {ergonomic}
     bool UseCompressedOops                        = true                                 {lp64_product} {ergonomic}
     bool UseG1GC                                  = true                                      {product} {ergonomic}
     bool UseLargePagesIndividualAllocation        = false                                  {pd product} {ergonomic}

Logging:
Log output configuration:
 #0: stdout all=warning uptime,level,tags
 #1: stderr all=off uptime,level,tags

Environment Variables:
PATH=C:\Program Files (x86)\Common Files\Oracle\Java\javapath;C:\ProgramData\Oracle\Java\javapath;C:\Program Files (x86)\Intel\iCLS Client\;C:\Program Files\Intel\iCLS Client\;C:\Program Files (x86)\NVIDIA Corporation\PhysX\Common;C:\WINDOWS\system32;C:\WINDOWS;C:\WINDOWS\System32\Wbem;C:\WINDOWS\System32\WindowsPowerShell\v1.0\;C:\Program Files\Intel\Intel(R) Management Engine Components\DAL;C:\Program Files\Intel\Intel(R) Management Engine Components\IPT;C:\Program Files (x86)\Intel\Intel(R) Management Engine Components\DAL;C:\Program Files (x86)\Intel\Intel(R) Management Engine Components\IPT;C:\Program Files\Lenovo\Bluetooth Software\;C:\Program Files\Lenovo\Bluetooth Software\syswow64;C:\Program Files\Microsoft SQL Server\110\Tools\Binn\;C:\Program Files (x86)\Windows Kits\8.1\Windows Performance Toolkit\;C:\Program Files\Java\jdk1.8.0_51\bin;C:\Program Files\nodejs\;C:\Program Files (x86)\Skype\Phone\;C:\Program Files\PuTTY\;C:\Program Files\Git\cmd;C:\Users\Administrator\AppData\Roaming\npm
USERNAME=Administrator
OS=Windows_NT
PROCESSOR_IDENTIFIER=Intel64 Family 6 Model 60 Stepping 3, GenuineIntel



---------------  S Y S T E M  ---------------

OS: Windows 8.1 , 64 bit Build 9600 (6.3.9600.19358)

CPU:total 4 (initial active 4) (2 cores per cpu, 2 threads per core) family 6 model 60 stepping 3, cmov, cx8, fxsr, mmx, sse, sse2, sse3, ssse3, sse4.1, sse4.2, popcnt, avx, avx2, aes, clmul, erms, lzcnt, ht, tsc, tscinvbit, bmi1, bmi2, fma

Memory: 4k page, system-wide physical 4020M (864M free)
TotalPageFile size 9908M (AvailPageFile size 5479M)
current process WorkingSet (physical memory assigned to process): 63M, peak: 69M
current process commit charge ("private bytes"): 166M, peak: 166M

vm_info: Java HotSpot(TM) 64-Bit Server VM (11.0.1+13-LTS) for windows-amd64 JRE (11.0.1+13-LTS), built on Oct  6 2018 13:20:16 by "mach5one" with MS VC++ 15.5 (VS2017)

END.
