#
# A fatal error has been detected by the Java Runtime Environment:
#
#  EXCEPTION_ACCESS_VIOLATION (0xc0000005) at pc=0x00007ffd25d6ecdd, pid=13712, tid=20616
#
# JRE version: OpenJDK Runtime Environment Zulu13.48+19-CA (13.0.11+4) (build 13.0.11+4-MTS)
# Java VM: OpenJDK 64-Bit Server VM Zulu13.48+19-CA (13.0.11+4-MTS, mixed mode, sharing, tiered, compressed oops, g1 gc, windows-amd64)
# Problematic frame:
# C  [lwjgl_opengl.dll+0xecdd]
#
# No core dump will be written. Minidumps are not enabled by default on client versions of Windows
#
# If you would like to submit a bug report, please visit:
#   http://www.azul.com/support/
# The crash happened outside the Java Virtual Machine in native code.
# See problematic frame for where to report the bug.
#

---------------  S U M M A R Y ------------

Command Line: -javaagent:F:\Program Files (x86)\IntelliJ IDEA 2022.1\lib\idea_rt.jar=58360:F:\Program Files (x86)\IntelliJ IDEA 2022.1\bin -Dfile.encoding=UTF-8 CGA.User.main

Host: AMD Ryzen 7 2700X Eight-Core Processor         , 16 cores, 15G,  Windows 10 , 64 bit Build 19041 (10.0.19041.1889)
Time: Thu Aug 18 16:20:08 2022 Mitteleuropäische Sommerzeit elapsed time: 0.895325 seconds (0d 0h 0m 0s)

---------------  T H R E A D  ---------------

Current thread (0x00000237701e2000):  JavaThread "main" [_thread_in_native, id=20616, stack(0x000000a50d900000,0x000000a50da00000)]

Stack: [0x000000a50d900000,0x000000a50da00000],  sp=0x000000a50d9ff288,  free space=1020k
Native frames: (J=compiled Java code, j=interpreted, Vv=VM code, C=native code)
C  [lwjgl_opengl.dll+0xecdd]

Java frames: (J=compiled Java code, j=interpreted, Vv=VM code)
j  org.lwjgl.opengl.GL11.nglGenTextures(IJ)V+0
j  org.lwjgl.opengl.GL11.glGenTextures()I+20
j  CGA.User.Game.Scene.<init>(LCGA/Framework/GameWindow;)V+5
j  CGA.User.Game.Game.<init>(IIZZLjava/lang/String;II)V+24
j  CGA.User.main.main([Ljava/lang/String;)V+16
v  ~StubRoutines::call_stub

siginfo: EXCEPTION_ACCESS_VIOLATION (0xc0000005), reading address 0x0000000000000f00


Register to memory mapping:

RIP=0x00007ffd25d6ecdd lwjgl_opengl.dll
RAX=0x00007ffd1b626540 jvm.dll
RBX={method} {0x00000237154b3780} 'nglGenTextures' '(IJ)V' in 'org/lwjgl/opengl/GL11'
RCX=0x0000000000000001 is an unknown value
RDX=0x0000023715d745fc points into unknown readable memory: 00 00 00 00
RSP=0x000000a50d9ff288 is pointing into the stack for thread: 0x00000237701e2000
RBP=0x000000a50d9ff318 is pointing into the stack for thread: 0x00000237701e2000
RSI=0x0000000000000310 is an unknown value
RDI=0x000002370000a1b3 is at code_begin+2355 in an Interpreter codelet
invoke return entry points  [0x0000023700009880, 0x000002370000a2a0]  2592 bytes
R8 =0x0000000000000001 is an unknown value
R9 =0x0000023715d745fc points into unknown readable memory: 00 00 00 00
R10=0x0 is NULL
R11=0x000000071066ae58 is an oop: java.lang.Class 
{0x000000071066ae58} - klass: 'java/lang/Class'
R12=0x0 is NULL
R13={method} {0x00000237154b3780} 'nglGenTextures' '(IJ)V' in 'org/lwjgl/opengl/GL11'
R14=0x000000a50d9ff348 is pointing into the stack for thread: 0x00000237701e2000
R15=0x00000237701e2000 is a thread


Registers:
RAX=0x00007ffd1b626540, RBX=0x00000237154b3778, RCX=0x0000000000000001, RDX=0x0000023715d745fc
RSP=0x000000a50d9ff288, RBP=0x000000a50d9ff318, RSI=0x0000000000000310, RDI=0x000002370000a1b3
R8 =0x0000000000000001, R9 =0x0000023715d745fc, R10=0x0000000000000000, R11=0x000000071066ae58
R12=0x0000000000000000, R13=0x00000237154b3778, R14=0x000000a50d9ff348, R15=0x00000237701e2000
RIP=0x00007ffd25d6ecdd, EFLAGS=0x0000000000010202

Top of Stack: (sp=0x000000a50d9ff288)
0x000000a50d9ff288:   000002370000f417 000002370000a1b3
0x000000a50d9ff298:   000002370000f0fc 00000237154b3778
0x000000a50d9ff2a8:   0000000000000310 00000237154382d0
0x000000a50d9ff2b8:   0000000000000000 000000a50d9ff2d8
0x000000a50d9ff2c8:   000002370000f0b6 000000a50d9ff2d0
0x000000a50d9ff2d8:   00000237154b3778 000000a50d9ff348
0x000000a50d9ff2e8:   00000237154d2508 0000000000000000
0x000000a50d9ff2f8:   000000071066ae58 00000237154b3778
0x000000a50d9ff308:   0000000000000000 000000a50d9ff338
0x000000a50d9ff318:   000000a50d9ff398 000002370000a1b3
0x000000a50d9ff328:   000000071066ae58 000002370000c398
0x000000a50d9ff338:   0000023715d745fc 0000000000000000
0x000000a50d9ff348:   0000000000000001 000000a50d9ff350
0x000000a50d9ff358:   00000237154b38dc 000000a50d9ff3c8
0x000000a50d9ff368:   00000237154d2508 0000000000000000
0x000000a50d9ff378:   000000071066ae58 00000237154b3940 

Instructions: (pc=0x00007ffd25d6ecdd)
0x00007ffd25d6ebdd:   d1 41 8b cb 4c 8b 50 18 49 ff a2 08 0d 00 00 cc
0x00007ffd25d6ebed:   cc cc cc 48 8b 01 48 8b 48 18 48 ff a1 18 0d 00
0x00007ffd25d6ebfd:   00 cc cc 48 8b 01 48 8b 48 18 48 ff a1 28 0d 00
0x00007ffd25d6ec0d:   00 cc cc 48 8b 01 41 8b d1 41 8b c8 4c 8b 50 18
0x00007ffd25d6ec1d:   49 ff a2 a8 0d 00 00 cc cc cc cc cc cc cc cc cc
0x00007ffd25d6ec2d:   cc cc cc 48 8b 01 49 8b d1 41 8b c8 4c 8b 50 18
0x00007ffd25d6ec3d:   49 ff a2 b0 0d 00 00 cc cc cc cc cc cc cc cc cc
0x00007ffd25d6ec4d:   cc cc cc 48 8b 01 0f 28 cb 41 8b c8 48 8b 50 18
0x00007ffd25d6ec5d:   48 ff a2 98 0d 00 00 cc cc cc cc cc cc cc cc cc
0x00007ffd25d6ec6d:   cc cc cc 48 8b 01 49 8b d1 41 8b c8 4c 8b 50 18
0x00007ffd25d6ec7d:   49 ff a2 a0 0d 00 00 cc cc cc cc cc cc cc cc cc
0x00007ffd25d6ec8d:   cc cc cc 48 8b 01 41 8b c8 48 8b 50 18 48 ff a2
0x00007ffd25d6ec9d:   78 0e 00 00 cc cc cc cc cc cc cc cc cc cc cc cc
0x00007ffd25d6ecad:   cc cc cc 48 8b 01 48 8b 48 18 48 8b 81 b0 0e 00
0x00007ffd25d6ecbd:   00 41 8b c8 48 ff e0 cc cc cc cc cc cc cc cc cc
0x00007ffd25d6eccd:   cc cc cc 48 8b 01 49 8b d1 41 8b c8 4c 8b 50 18
0x00007ffd25d6ecdd:   49 ff a2 00 0f 00 00 cc cc cc cc cc cc cc cc cc
0x00007ffd25d6eced:   cc cc cc 48 8b 01 49 8b d1 41 8b c8 4c 8b 50 18
0x00007ffd25d6ecfd:   49 ff a2 d8 09 00 00 cc cc cc cc cc cc cc cc cc
0x00007ffd25d6ed0d:   cc cc cc 48 8b 01 49 8b d1 41 8b c8 4c 8b 50 18
0x00007ffd25d6ed1d:   49 ff a2 28 10 00 00 cc cc cc cc cc cc cc cc cc
0x00007ffd25d6ed2d:   cc cc cc 48 8b 01 49 8b d1 41 8b c8 4c 8b 50 18
0x00007ffd25d6ed3d:   49 ff a2 e0 0f 00 00 cc cc cc cc cc cc cc cc cc
0x00007ffd25d6ed4d:   cc cc cc 48 8b 01 49 8b d1 41 8b c8 4c 8b 50 18
0x00007ffd25d6ed5d:   49 ff a2 08 11 00 00 cc cc cc cc cc cc cc cc cc
0x00007ffd25d6ed6d:   cc cc cc 48 8b 01 49 8b d1 41 8b c8 4c 8b 50 18
0x00007ffd25d6ed7d:   49 ff a2 c0 11 00 00 cc cc cc cc cc cc cc cc cc
0x00007ffd25d6ed8d:   cc cc cc 48 8b 01 49 8b d1 41 8b c8 4c 8b 50 18
0x00007ffd25d6ed9d:   49 ff a2 d0 10 00 00 cc cc cc cc cc cc cc cc cc
0x00007ffd25d6edad:   cc cc cc 48 8b 01 48 8b 48 18 48 8b 81 d8 10 00
0x00007ffd25d6edbd:   00 48 ff e0 cc cc cc cc cc cc cc cc cc cc cc cc
0x00007ffd25d6edcd:   cc cc cc 48 8b 01 45 8b d8 4c 8b 44 24 28 41 8b 


Stack slot to memory mapping:
stack at sp + 0 slots: 0x000002370000f417 is at code_begin+1047 in an Interpreter codelet
method entry point (kind = native)  [0x000002370000f000, 0x000002370000faa0]  2720 bytes
stack at sp + 1 slots: 0x000002370000a1b3 is at code_begin+2355 in an Interpreter codelet
invoke return entry points  [0x0000023700009880, 0x000002370000a2a0]  2592 bytes
stack at sp + 2 slots: 0x000002370000f0fc is at code_begin+252 in an Interpreter codelet
method entry point (kind = native)  [0x000002370000f000, 0x000002370000faa0]  2720 bytes
stack at sp + 3 slots: {method} {0x00000237154b3780} 'nglGenTextures' '(IJ)V' in 'org/lwjgl/opengl/GL11'
stack at sp + 4 slots: 0x0000000000000310 is an unknown value
stack at sp + 5 slots: {method} {0x00000237154382d8} 'memAddress' '(Ljava/nio/IntBuffer;I)J' in 'org/lwjgl/system/MemoryUtil'
stack at sp + 6 slots: 0x0 is NULL
stack at sp + 7 slots: 0x000000a50d9ff2d8 is pointing into the stack for thread: 0x00000237701e2000


---------------  P R O C E S S  ---------------

Threads class SMR info:
_java_thread_list=0x0000023715c6e7b0, length=13, elements={
0x00000237701e2000, 0x000002377fc46000, 0x000002377fc49800, 0x000002377fc62800,
0x000002377fc64800, 0x000002377fc66000, 0x000002377fc67800, 0x000002377fc6f000,
0x000002377fc80800, 0x000002377fda2800, 0x000002377fef5800, 0x0000023715d55800,
0x0000023715d23000
}

Java Threads: ( => current thread )
=>0x00000237701e2000 JavaThread "main" [_thread_in_native, id=20616, stack(0x000000a50d900000,0x000000a50da00000)]
  0x000002377fc46000 JavaThread "Reference Handler" daemon [_thread_blocked, id=20448, stack(0x000000a50e000000,0x000000a50e100000)]
  0x000002377fc49800 JavaThread "Finalizer" daemon [_thread_blocked, id=24528, stack(0x000000a50e100000,0x000000a50e200000)]
  0x000002377fc62800 JavaThread "Signal Dispatcher" daemon [_thread_blocked, id=4304, stack(0x000000a50e200000,0x000000a50e300000)]
  0x000002377fc64800 JavaThread "Attach Listener" daemon [_thread_blocked, id=4108, stack(0x000000a50e300000,0x000000a50e400000)]
  0x000002377fc66000 JavaThread "Service Thread" daemon [_thread_blocked, id=12588, stack(0x000000a50e400000,0x000000a50e500000)]
  0x000002377fc67800 JavaThread "C2 CompilerThread0" daemon [_thread_blocked, id=20404, stack(0x000000a50e500000,0x000000a50e600000)]
  0x000002377fc6f000 JavaThread "C1 CompilerThread0" daemon [_thread_blocked, id=15420, stack(0x000000a50e600000,0x000000a50e700000)]
  0x000002377fc80800 JavaThread "Sweeper thread" daemon [_thread_blocked, id=23352, stack(0x000000a50e700000,0x000000a50e800000)]
  0x000002377fda2800 JavaThread "C1 CompilerThread1" daemon [_thread_blocked, id=2340, stack(0x000000a50e800000,0x000000a50e900000)]
  0x000002377fef5800 JavaThread "Common-Cleaner" daemon [_thread_blocked, id=10356, stack(0x000000a50e900000,0x000000a50ea00000)]
  0x0000023715d55800 JavaThread "Monitor Ctrl-Break" daemon [_thread_in_native, id=12148, stack(0x000000a50eb00000,0x000000a50ec00000)]
  0x0000023715d23000 JavaThread "C1 CompilerThread2" daemon [_thread_blocked, id=25272, stack(0x000000a50ed00000,0x000000a50ee00000)]

Other Threads:
  0x000002377fc44000 VMThread "VM Thread" [stack: 0x000000a50df00000,0x000000a50e000000] [id=18436]
  0x0000023715a84800 WatcherThread [stack: 0x000000a50ec00000,0x000000a50ed00000] [id=14404]
  0x0000023770254000 GCTaskThread "GC Thread#0" [stack: 0x000000a50da00000,0x000000a50db00000] [id=19944]
  0x0000023770277800 ConcurrentGCThread "G1 Main Marker" [stack: 0x000000a50db00000,0x000000a50dc00000] [id=8476]
  0x0000023770279000 ConcurrentGCThread "G1 Conc#0" [stack: 0x000000a50dc00000,0x000000a50dd00000] [id=11604]
  0x000002377f66c000 ConcurrentGCThread "G1 Refine#0" [stack: 0x000000a50dd00000,0x000000a50de00000] [id=12440]
  0x000002377f66e000 ConcurrentGCThread "G1 Young RemSet Sampling" [stack: 0x000000a50de00000,0x000000a50df00000] [id=12744]

Threads with active compile tasks:

VM state:not at safepoint (normal execution)

VM Mutex/Monitor currently owned by a thread: None

Heap address: 0x0000000701000000, size: 4080 MB, Compressed Oops mode: Zero based, Oop shift amount: 3
Narrow klass base: 0x0000000800000000, Narrow klass shift: 3
Compressed class space size: 1073741824 Address: 0x0000000800b10000

Heap:
 garbage-first heap   total 262144K, used 8192K [0x0000000701000000, 0x0000000800000000)
  region size 1024K, 10 young (10240K), 0 survivors (0K)
 Metaspace       used 3067K, capacity 5731K, committed 5888K, reserved 1056768K
  class space    used 252K, capacity 508K, committed 512K, reserved 1048576K
Heap Regions: E=young(eden), S=young(survivor), O=old, HS=humongous(starts), HC=humongous(continues), CS=collection set, F=free, A=archive, TAMS=top-at-mark-start (previous, next)
|   0|0x0000000701000000, 0x0000000701000000, 0x0000000701100000|  0%| F|  |TAMS 0x0000000701000000, 0x0000000701000000| Untracked 
|   1|0x0000000701100000, 0x0000000701100000, 0x0000000701200000|  0%| F|  |TAMS 0x0000000701100000, 0x0000000701100000| Untracked 
|   2|0x0000000701200000, 0x0000000701200000, 0x0000000701300000|  0%| F|  |TAMS 0x0000000701200000, 0x0000000701200000| Untracked 
|   3|0x0000000701300000, 0x0000000701300000, 0x0000000701400000|  0%| F|  |TAMS 0x0000000701300000, 0x0000000701300000| Untracked 
|   4|0x0000000701400000, 0x0000000701400000, 0x0000000701500000|  0%| F|  |TAMS 0x0000000701400000, 0x0000000701400000| Untracked 
|   5|0x0000000701500000, 0x0000000701500000, 0x0000000701600000|  0%| F|  |TAMS 0x0000000701500000, 0x0000000701500000| Untracked 
|   6|0x0000000701600000, 0x0000000701600000, 0x0000000701700000|  0%| F|  |TAMS 0x0000000701600000, 0x0000000701600000| Untracked 
|   7|0x0000000701700000, 0x0000000701700000, 0x0000000701800000|  0%| F|  |TAMS 0x0000000701700000, 0x0000000701700000| Untracked 
|   8|0x0000000701800000, 0x0000000701800000, 0x0000000701900000|  0%| F|  |TAMS 0x0000000701800000, 0x0000000701800000| Untracked 
|   9|0x0000000701900000, 0x0000000701900000, 0x0000000701a00000|  0%| F|  |TAMS 0x0000000701900000, 0x0000000701900000| Untracked 
|  10|0x0000000701a00000, 0x0000000701a00000, 0x0000000701b00000|  0%| F|  |TAMS 0x0000000701a00000, 0x0000000701a00000| Untracked 
|  11|0x0000000701b00000, 0x0000000701b00000, 0x0000000701c00000|  0%| F|  |TAMS 0x0000000701b00000, 0x0000000701b00000| Untracked 
|  12|0x0000000701c00000, 0x0000000701c00000, 0x0000000701d00000|  0%| F|  |TAMS 0x0000000701c00000, 0x0000000701c00000| Untracked 
|  13|0x0000000701d00000, 0x0000000701d00000, 0x0000000701e00000|  0%| F|  |TAMS 0x0000000701d00000, 0x0000000701d00000| Untracked 
|  14|0x0000000701e00000, 0x0000000701e00000, 0x0000000701f00000|  0%| F|  |TAMS 0x0000000701e00000, 0x0000000701e00000| Untracked 
|  15|0x0000000701f00000, 0x0000000701f00000, 0x0000000702000000|  0%| F|  |TAMS 0x0000000701f00000, 0x0000000701f00000| Untracked 
|  16|0x0000000702000000, 0x0000000702000000, 0x0000000702100000|  0%| F|  |TAMS 0x0000000702000000, 0x0000000702000000| Untracked 
|  17|0x0000000702100000, 0x0000000702100000, 0x0000000702200000|  0%| F|  |TAMS 0x0000000702100000, 0x0000000702100000| Untracked 
|  18|0x0000000702200000, 0x0000000702200000, 0x0000000702300000|  0%| F|  |TAMS 0x0000000702200000, 0x0000000702200000| Untracked 
|  19|0x0000000702300000, 0x0000000702300000, 0x0000000702400000|  0%| F|  |TAMS 0x0000000702300000, 0x0000000702300000| Untracked 
|  20|0x0000000702400000, 0x0000000702400000, 0x0000000702500000|  0%| F|  |TAMS 0x0000000702400000, 0x0000000702400000| Untracked 
|  21|0x0000000702500000, 0x0000000702500000, 0x0000000702600000|  0%| F|  |TAMS 0x0000000702500000, 0x0000000702500000| Untracked 
|  22|0x0000000702600000, 0x0000000702600000, 0x0000000702700000|  0%| F|  |TAMS 0x0000000702600000, 0x0000000702600000| Untracked 
|  23|0x0000000702700000, 0x0000000702700000, 0x0000000702800000|  0%| F|  |TAMS 0x0000000702700000, 0x0000000702700000| Untracked 
|  24|0x0000000702800000, 0x0000000702800000, 0x0000000702900000|  0%| F|  |TAMS 0x0000000702800000, 0x0000000702800000| Untracked 
|  25|0x0000000702900000, 0x0000000702900000, 0x0000000702a00000|  0%| F|  |TAMS 0x0000000702900000, 0x0000000702900000| Untracked 
|  26|0x0000000702a00000, 0x0000000702a00000, 0x0000000702b00000|  0%| F|  |TAMS 0x0000000702a00000, 0x0000000702a00000| Untracked 
|  27|0x0000000702b00000, 0x0000000702b00000, 0x0000000702c00000|  0%| F|  |TAMS 0x0000000702b00000, 0x0000000702b00000| Untracked 
|  28|0x0000000702c00000, 0x0000000702c00000, 0x0000000702d00000|  0%| F|  |TAMS 0x0000000702c00000, 0x0000000702c00000| Untracked 
|  29|0x0000000702d00000, 0x0000000702d00000, 0x0000000702e00000|  0%| F|  |TAMS 0x0000000702d00000, 0x0000000702d00000| Untracked 
|  30|0x0000000702e00000, 0x0000000702e00000, 0x0000000702f00000|  0%| F|  |TAMS 0x0000000702e00000, 0x0000000702e00000| Untracked 
|  31|0x0000000702f00000, 0x0000000702f00000, 0x0000000703000000|  0%| F|  |TAMS 0x0000000702f00000, 0x0000000702f00000| Untracked 
|  32|0x0000000703000000, 0x0000000703000000, 0x0000000703100000|  0%| F|  |TAMS 0x0000000703000000, 0x0000000703000000| Untracked 
|  33|0x0000000703100000, 0x0000000703100000, 0x0000000703200000|  0%| F|  |TAMS 0x0000000703100000, 0x0000000703100000| Untracked 
|  34|0x0000000703200000, 0x0000000703200000, 0x0000000703300000|  0%| F|  |TAMS 0x0000000703200000, 0x0000000703200000| Untracked 
|  35|0x0000000703300000, 0x0000000703300000, 0x0000000703400000|  0%| F|  |TAMS 0x0000000703300000, 0x0000000703300000| Untracked 
|  36|0x0000000703400000, 0x0000000703400000, 0x0000000703500000|  0%| F|  |TAMS 0x0000000703400000, 0x0000000703400000| Untracked 
|  37|0x0000000703500000, 0x0000000703500000, 0x0000000703600000|  0%| F|  |TAMS 0x0000000703500000, 0x0000000703500000| Untracked 
|  38|0x0000000703600000, 0x0000000703600000, 0x0000000703700000|  0%| F|  |TAMS 0x0000000703600000, 0x0000000703600000| Untracked 
|  39|0x0000000703700000, 0x0000000703700000, 0x0000000703800000|  0%| F|  |TAMS 0x0000000703700000, 0x0000000703700000| Untracked 
|  40|0x0000000703800000, 0x0000000703800000, 0x0000000703900000|  0%| F|  |TAMS 0x0000000703800000, 0x0000000703800000| Untracked 
|  41|0x0000000703900000, 0x0000000703900000, 0x0000000703a00000|  0%| F|  |TAMS 0x0000000703900000, 0x0000000703900000| Untracked 
|  42|0x0000000703a00000, 0x0000000703a00000, 0x0000000703b00000|  0%| F|  |TAMS 0x0000000703a00000, 0x0000000703a00000| Untracked 
|  43|0x0000000703b00000, 0x0000000703b00000, 0x0000000703c00000|  0%| F|  |TAMS 0x0000000703b00000, 0x0000000703b00000| Untracked 
|  44|0x0000000703c00000, 0x0000000703c00000, 0x0000000703d00000|  0%| F|  |TAMS 0x0000000703c00000, 0x0000000703c00000| Untracked 
|  45|0x0000000703d00000, 0x0000000703d00000, 0x0000000703e00000|  0%| F|  |TAMS 0x0000000703d00000, 0x0000000703d00000| Untracked 
|  46|0x0000000703e00000, 0x0000000703e00000, 0x0000000703f00000|  0%| F|  |TAMS 0x0000000703e00000, 0x0000000703e00000| Untracked 
|  47|0x0000000703f00000, 0x0000000703f00000, 0x0000000704000000|  0%| F|  |TAMS 0x0000000703f00000, 0x0000000703f00000| Untracked 
|  48|0x0000000704000000, 0x0000000704000000, 0x0000000704100000|  0%| F|  |TAMS 0x0000000704000000, 0x0000000704000000| Untracked 
|  49|0x0000000704100000, 0x0000000704100000, 0x0000000704200000|  0%| F|  |TAMS 0x0000000704100000, 0x0000000704100000| Untracked 
|  50|0x0000000704200000, 0x0000000704200000, 0x0000000704300000|  0%| F|  |TAMS 0x0000000704200000, 0x0000000704200000| Untracked 
|  51|0x0000000704300000, 0x0000000704300000, 0x0000000704400000|  0%| F|  |TAMS 0x0000000704300000, 0x0000000704300000| Untracked 
|  52|0x0000000704400000, 0x0000000704400000, 0x0000000704500000|  0%| F|  |TAMS 0x0000000704400000, 0x0000000704400000| Untracked 
|  53|0x0000000704500000, 0x0000000704500000, 0x0000000704600000|  0%| F|  |TAMS 0x0000000704500000, 0x0000000704500000| Untracked 
|  54|0x0000000704600000, 0x0000000704600000, 0x0000000704700000|  0%| F|  |TAMS 0x0000000704600000, 0x0000000704600000| Untracked 
|  55|0x0000000704700000, 0x0000000704700000, 0x0000000704800000|  0%| F|  |TAMS 0x0000000704700000, 0x0000000704700000| Untracked 
|  56|0x0000000704800000, 0x0000000704800000, 0x0000000704900000|  0%| F|  |TAMS 0x0000000704800000, 0x0000000704800000| Untracked 
|  57|0x0000000704900000, 0x0000000704900000, 0x0000000704a00000|  0%| F|  |TAMS 0x0000000704900000, 0x0000000704900000| Untracked 
|  58|0x0000000704a00000, 0x0000000704a00000, 0x0000000704b00000|  0%| F|  |TAMS 0x0000000704a00000, 0x0000000704a00000| Untracked 
|  59|0x0000000704b00000, 0x0000000704b00000, 0x0000000704c00000|  0%| F|  |TAMS 0x0000000704b00000, 0x0000000704b00000| Untracked 
|  60|0x0000000704c00000, 0x0000000704c00000, 0x0000000704d00000|  0%| F|  |TAMS 0x0000000704c00000, 0x0000000704c00000| Untracked 
|  61|0x0000000704d00000, 0x0000000704d00000, 0x0000000704e00000|  0%| F|  |TAMS 0x0000000704d00000, 0x0000000704d00000| Untracked 
|  62|0x0000000704e00000, 0x0000000704e00000, 0x0000000704f00000|  0%| F|  |TAMS 0x0000000704e00000, 0x0000000704e00000| Untracked 
|  63|0x0000000704f00000, 0x0000000704f00000, 0x0000000705000000|  0%| F|  |TAMS 0x0000000704f00000, 0x0000000704f00000| Untracked 
|  64|0x0000000705000000, 0x0000000705000000, 0x0000000705100000|  0%| F|  |TAMS 0x0000000705000000, 0x0000000705000000| Untracked 
|  65|0x0000000705100000, 0x0000000705100000, 0x0000000705200000|  0%| F|  |TAMS 0x0000000705100000, 0x0000000705100000| Untracked 
|  66|0x0000000705200000, 0x0000000705200000, 0x0000000705300000|  0%| F|  |TAMS 0x0000000705200000, 0x0000000705200000| Untracked 
|  67|0x0000000705300000, 0x0000000705300000, 0x0000000705400000|  0%| F|  |TAMS 0x0000000705300000, 0x0000000705300000| Untracked 
|  68|0x0000000705400000, 0x0000000705400000, 0x0000000705500000|  0%| F|  |TAMS 0x0000000705400000, 0x0000000705400000| Untracked 
|  69|0x0000000705500000, 0x0000000705500000, 0x0000000705600000|  0%| F|  |TAMS 0x0000000705500000, 0x0000000705500000| Untracked 
|  70|0x0000000705600000, 0x0000000705600000, 0x0000000705700000|  0%| F|  |TAMS 0x0000000705600000, 0x0000000705600000| Untracked 
|  71|0x0000000705700000, 0x0000000705700000, 0x0000000705800000|  0%| F|  |TAMS 0x0000000705700000, 0x0000000705700000| Untracked 
|  72|0x0000000705800000, 0x0000000705800000, 0x0000000705900000|  0%| F|  |TAMS 0x0000000705800000, 0x0000000705800000| Untracked 
|  73|0x0000000705900000, 0x0000000705900000, 0x0000000705a00000|  0%| F|  |TAMS 0x0000000705900000, 0x0000000705900000| Untracked 
|  74|0x0000000705a00000, 0x0000000705a00000, 0x0000000705b00000|  0%| F|  |TAMS 0x0000000705a00000, 0x0000000705a00000| Untracked 
|  75|0x0000000705b00000, 0x0000000705b00000, 0x0000000705c00000|  0%| F|  |TAMS 0x0000000705b00000, 0x0000000705b00000| Untracked 
|  76|0x0000000705c00000, 0x0000000705c00000, 0x0000000705d00000|  0%| F|  |TAMS 0x0000000705c00000, 0x0000000705c00000| Untracked 
|  77|0x0000000705d00000, 0x0000000705d00000, 0x0000000705e00000|  0%| F|  |TAMS 0x0000000705d00000, 0x0000000705d00000| Untracked 
|  78|0x0000000705e00000, 0x0000000705e00000, 0x0000000705f00000|  0%| F|  |TAMS 0x0000000705e00000, 0x0000000705e00000| Untracked 
|  79|0x0000000705f00000, 0x0000000705f00000, 0x0000000706000000|  0%| F|  |TAMS 0x0000000705f00000, 0x0000000705f00000| Untracked 
|  80|0x0000000706000000, 0x0000000706000000, 0x0000000706100000|  0%| F|  |TAMS 0x0000000706000000, 0x0000000706000000| Untracked 
|  81|0x0000000706100000, 0x0000000706100000, 0x0000000706200000|  0%| F|  |TAMS 0x0000000706100000, 0x0000000706100000| Untracked 
|  82|0x0000000706200000, 0x0000000706200000, 0x0000000706300000|  0%| F|  |TAMS 0x0000000706200000, 0x0000000706200000| Untracked 
|  83|0x0000000706300000, 0x0000000706300000, 0x0000000706400000|  0%| F|  |TAMS 0x0000000706300000, 0x0000000706300000| Untracked 
|  84|0x0000000706400000, 0x0000000706400000, 0x0000000706500000|  0%| F|  |TAMS 0x0000000706400000, 0x0000000706400000| Untracked 
|  85|0x0000000706500000, 0x0000000706500000, 0x0000000706600000|  0%| F|  |TAMS 0x0000000706500000, 0x0000000706500000| Untracked 
|  86|0x0000000706600000, 0x0000000706600000, 0x0000000706700000|  0%| F|  |TAMS 0x0000000706600000, 0x0000000706600000| Untracked 
|  87|0x0000000706700000, 0x0000000706700000, 0x0000000706800000|  0%| F|  |TAMS 0x0000000706700000, 0x0000000706700000| Untracked 
|  88|0x0000000706800000, 0x0000000706800000, 0x0000000706900000|  0%| F|  |TAMS 0x0000000706800000, 0x0000000706800000| Untracked 
|  89|0x0000000706900000, 0x0000000706900000, 0x0000000706a00000|  0%| F|  |TAMS 0x0000000706900000, 0x0000000706900000| Untracked 
|  90|0x0000000706a00000, 0x0000000706a00000, 0x0000000706b00000|  0%| F|  |TAMS 0x0000000706a00000, 0x0000000706a00000| Untracked 
|  91|0x0000000706b00000, 0x0000000706b00000, 0x0000000706c00000|  0%| F|  |TAMS 0x0000000706b00000, 0x0000000706b00000| Untracked 
|  92|0x0000000706c00000, 0x0000000706c00000, 0x0000000706d00000|  0%| F|  |TAMS 0x0000000706c00000, 0x0000000706c00000| Untracked 
|  93|0x0000000706d00000, 0x0000000706d00000, 0x0000000706e00000|  0%| F|  |TAMS 0x0000000706d00000, 0x0000000706d00000| Untracked 
|  94|0x0000000706e00000, 0x0000000706e00000, 0x0000000706f00000|  0%| F|  |TAMS 0x0000000706e00000, 0x0000000706e00000| Untracked 
|  95|0x0000000706f00000, 0x0000000706f00000, 0x0000000707000000|  0%| F|  |TAMS 0x0000000706f00000, 0x0000000706f00000| Untracked 
|  96|0x0000000707000000, 0x0000000707000000, 0x0000000707100000|  0%| F|  |TAMS 0x0000000707000000, 0x0000000707000000| Untracked 
|  97|0x0000000707100000, 0x0000000707100000, 0x0000000707200000|  0%| F|  |TAMS 0x0000000707100000, 0x0000000707100000| Untracked 
|  98|0x0000000707200000, 0x0000000707200000, 0x0000000707300000|  0%| F|  |TAMS 0x0000000707200000, 0x0000000707200000| Untracked 
|  99|0x0000000707300000, 0x0000000707300000, 0x0000000707400000|  0%| F|  |TAMS 0x0000000707300000, 0x0000000707300000| Untracked 
| 100|0x0000000707400000, 0x0000000707400000, 0x0000000707500000|  0%| F|  |TAMS 0x0000000707400000, 0x0000000707400000| Untracked 
| 101|0x0000000707500000, 0x0000000707500000, 0x0000000707600000|  0%| F|  |TAMS 0x0000000707500000, 0x0000000707500000| Untracked 
| 102|0x0000000707600000, 0x0000000707600000, 0x0000000707700000|  0%| F|  |TAMS 0x0000000707600000, 0x0000000707600000| Untracked 
| 103|0x0000000707700000, 0x0000000707700000, 0x0000000707800000|  0%| F|  |TAMS 0x0000000707700000, 0x0000000707700000| Untracked 
| 104|0x0000000707800000, 0x0000000707800000, 0x0000000707900000|  0%| F|  |TAMS 0x0000000707800000, 0x0000000707800000| Untracked 
| 105|0x0000000707900000, 0x0000000707900000, 0x0000000707a00000|  0%| F|  |TAMS 0x0000000707900000, 0x0000000707900000| Untracked 
| 106|0x0000000707a00000, 0x0000000707a00000, 0x0000000707b00000|  0%| F|  |TAMS 0x0000000707a00000, 0x0000000707a00000| Untracked 
| 107|0x0000000707b00000, 0x0000000707b00000, 0x0000000707c00000|  0%| F|  |TAMS 0x0000000707b00000, 0x0000000707b00000| Untracked 
| 108|0x0000000707c00000, 0x0000000707c00000, 0x0000000707d00000|  0%| F|  |TAMS 0x0000000707c00000, 0x0000000707c00000| Untracked 
| 109|0x0000000707d00000, 0x0000000707d00000, 0x0000000707e00000|  0%| F|  |TAMS 0x0000000707d00000, 0x0000000707d00000| Untracked 
| 110|0x0000000707e00000, 0x0000000707e00000, 0x0000000707f00000|  0%| F|  |TAMS 0x0000000707e00000, 0x0000000707e00000| Untracked 
| 111|0x0000000707f00000, 0x0000000707f00000, 0x0000000708000000|  0%| F|  |TAMS 0x0000000707f00000, 0x0000000707f00000| Untracked 
| 112|0x0000000708000000, 0x0000000708000000, 0x0000000708100000|  0%| F|  |TAMS 0x0000000708000000, 0x0000000708000000| Untracked 
| 113|0x0000000708100000, 0x0000000708100000, 0x0000000708200000|  0%| F|  |TAMS 0x0000000708100000, 0x0000000708100000| Untracked 
| 114|0x0000000708200000, 0x0000000708200000, 0x0000000708300000|  0%| F|  |TAMS 0x0000000708200000, 0x0000000708200000| Untracked 
| 115|0x0000000708300000, 0x0000000708300000, 0x0000000708400000|  0%| F|  |TAMS 0x0000000708300000, 0x0000000708300000| Untracked 
| 116|0x0000000708400000, 0x0000000708400000, 0x0000000708500000|  0%| F|  |TAMS 0x0000000708400000, 0x0000000708400000| Untracked 
| 117|0x0000000708500000, 0x0000000708500000, 0x0000000708600000|  0%| F|  |TAMS 0x0000000708500000, 0x0000000708500000| Untracked 
| 118|0x0000000708600000, 0x0000000708600000, 0x0000000708700000|  0%| F|  |TAMS 0x0000000708600000, 0x0000000708600000| Untracked 
| 119|0x0000000708700000, 0x0000000708700000, 0x0000000708800000|  0%| F|  |TAMS 0x0000000708700000, 0x0000000708700000| Untracked 
| 120|0x0000000708800000, 0x0000000708800000, 0x0000000708900000|  0%| F|  |TAMS 0x0000000708800000, 0x0000000708800000| Untracked 
| 121|0x0000000708900000, 0x0000000708900000, 0x0000000708a00000|  0%| F|  |TAMS 0x0000000708900000, 0x0000000708900000| Untracked 
| 122|0x0000000708a00000, 0x0000000708a00000, 0x0000000708b00000|  0%| F|  |TAMS 0x0000000708a00000, 0x0000000708a00000| Untracked 
| 123|0x0000000708b00000, 0x0000000708b00000, 0x0000000708c00000|  0%| F|  |TAMS 0x0000000708b00000, 0x0000000708b00000| Untracked 
| 124|0x0000000708c00000, 0x0000000708c00000, 0x0000000708d00000|  0%| F|  |TAMS 0x0000000708c00000, 0x0000000708c00000| Untracked 
| 125|0x0000000708d00000, 0x0000000708d00000, 0x0000000708e00000|  0%| F|  |TAMS 0x0000000708d00000, 0x0000000708d00000| Untracked 
| 126|0x0000000708e00000, 0x0000000708e00000, 0x0000000708f00000|  0%| F|  |TAMS 0x0000000708e00000, 0x0000000708e00000| Untracked 
| 127|0x0000000708f00000, 0x0000000708f00000, 0x0000000709000000|  0%| F|  |TAMS 0x0000000708f00000, 0x0000000708f00000| Untracked 
| 128|0x0000000709000000, 0x0000000709000000, 0x0000000709100000|  0%| F|  |TAMS 0x0000000709000000, 0x0000000709000000| Untracked 
| 129|0x0000000709100000, 0x0000000709100000, 0x0000000709200000|  0%| F|  |TAMS 0x0000000709100000, 0x0000000709100000| Untracked 
| 130|0x0000000709200000, 0x0000000709200000, 0x0000000709300000|  0%| F|  |TAMS 0x0000000709200000, 0x0000000709200000| Untracked 
| 131|0x0000000709300000, 0x0000000709300000, 0x0000000709400000|  0%| F|  |TAMS 0x0000000709300000, 0x0000000709300000| Untracked 
| 132|0x0000000709400000, 0x0000000709400000, 0x0000000709500000|  0%| F|  |TAMS 0x0000000709400000, 0x0000000709400000| Untracked 
| 133|0x0000000709500000, 0x0000000709500000, 0x0000000709600000|  0%| F|  |TAMS 0x0000000709500000, 0x0000000709500000| Untracked 
| 134|0x0000000709600000, 0x0000000709600000, 0x0000000709700000|  0%| F|  |TAMS 0x0000000709600000, 0x0000000709600000| Untracked 
| 135|0x0000000709700000, 0x0000000709700000, 0x0000000709800000|  0%| F|  |TAMS 0x0000000709700000, 0x0000000709700000| Untracked 
| 136|0x0000000709800000, 0x0000000709800000, 0x0000000709900000|  0%| F|  |TAMS 0x0000000709800000, 0x0000000709800000| Untracked 
| 137|0x0000000709900000, 0x0000000709900000, 0x0000000709a00000|  0%| F|  |TAMS 0x0000000709900000, 0x0000000709900000| Untracked 
| 138|0x0000000709a00000, 0x0000000709a00000, 0x0000000709b00000|  0%| F|  |TAMS 0x0000000709a00000, 0x0000000709a00000| Untracked 
| 139|0x0000000709b00000, 0x0000000709b00000, 0x0000000709c00000|  0%| F|  |TAMS 0x0000000709b00000, 0x0000000709b00000| Untracked 
| 140|0x0000000709c00000, 0x0000000709c00000, 0x0000000709d00000|  0%| F|  |TAMS 0x0000000709c00000, 0x0000000709c00000| Untracked 
| 141|0x0000000709d00000, 0x0000000709d00000, 0x0000000709e00000|  0%| F|  |TAMS 0x0000000709d00000, 0x0000000709d00000| Untracked 
| 142|0x0000000709e00000, 0x0000000709e00000, 0x0000000709f00000|  0%| F|  |TAMS 0x0000000709e00000, 0x0000000709e00000| Untracked 
| 143|0x0000000709f00000, 0x0000000709f00000, 0x000000070a000000|  0%| F|  |TAMS 0x0000000709f00000, 0x0000000709f00000| Untracked 
| 144|0x000000070a000000, 0x000000070a000000, 0x000000070a100000|  0%| F|  |TAMS 0x000000070a000000, 0x000000070a000000| Untracked 
| 145|0x000000070a100000, 0x000000070a100000, 0x000000070a200000|  0%| F|  |TAMS 0x000000070a100000, 0x000000070a100000| Untracked 
| 146|0x000000070a200000, 0x000000070a200000, 0x000000070a300000|  0%| F|  |TAMS 0x000000070a200000, 0x000000070a200000| Untracked 
| 147|0x000000070a300000, 0x000000070a300000, 0x000000070a400000|  0%| F|  |TAMS 0x000000070a300000, 0x000000070a300000| Untracked 
| 148|0x000000070a400000, 0x000000070a400000, 0x000000070a500000|  0%| F|  |TAMS 0x000000070a400000, 0x000000070a400000| Untracked 
| 149|0x000000070a500000, 0x000000070a500000, 0x000000070a600000|  0%| F|  |TAMS 0x000000070a500000, 0x000000070a500000| Untracked 
| 150|0x000000070a600000, 0x000000070a600000, 0x000000070a700000|  0%| F|  |TAMS 0x000000070a600000, 0x000000070a600000| Untracked 
| 151|0x000000070a700000, 0x000000070a700000, 0x000000070a800000|  0%| F|  |TAMS 0x000000070a700000, 0x000000070a700000| Untracked 
| 152|0x000000070a800000, 0x000000070a800000, 0x000000070a900000|  0%| F|  |TAMS 0x000000070a800000, 0x000000070a800000| Untracked 
| 153|0x000000070a900000, 0x000000070a900000, 0x000000070aa00000|  0%| F|  |TAMS 0x000000070a900000, 0x000000070a900000| Untracked 
| 154|0x000000070aa00000, 0x000000070aa00000, 0x000000070ab00000|  0%| F|  |TAMS 0x000000070aa00000, 0x000000070aa00000| Untracked 
| 155|0x000000070ab00000, 0x000000070ab00000, 0x000000070ac00000|  0%| F|  |TAMS 0x000000070ab00000, 0x000000070ab00000| Untracked 
| 156|0x000000070ac00000, 0x000000070ac00000, 0x000000070ad00000|  0%| F|  |TAMS 0x000000070ac00000, 0x000000070ac00000| Untracked 
| 157|0x000000070ad00000, 0x000000070ad00000, 0x000000070ae00000|  0%| F|  |TAMS 0x000000070ad00000, 0x000000070ad00000| Untracked 
| 158|0x000000070ae00000, 0x000000070ae00000, 0x000000070af00000|  0%| F|  |TAMS 0x000000070ae00000, 0x000000070ae00000| Untracked 
| 159|0x000000070af00000, 0x000000070af00000, 0x000000070b000000|  0%| F|  |TAMS 0x000000070af00000, 0x000000070af00000| Untracked 
| 160|0x000000070b000000, 0x000000070b000000, 0x000000070b100000|  0%| F|  |TAMS 0x000000070b000000, 0x000000070b000000| Untracked 
| 161|0x000000070b100000, 0x000000070b100000, 0x000000070b200000|  0%| F|  |TAMS 0x000000070b100000, 0x000000070b100000| Untracked 
| 162|0x000000070b200000, 0x000000070b200000, 0x000000070b300000|  0%| F|  |TAMS 0x000000070b200000, 0x000000070b200000| Untracked 
| 163|0x000000070b300000, 0x000000070b300000, 0x000000070b400000|  0%| F|  |TAMS 0x000000070b300000, 0x000000070b300000| Untracked 
| 164|0x000000070b400000, 0x000000070b400000, 0x000000070b500000|  0%| F|  |TAMS 0x000000070b400000, 0x000000070b400000| Untracked 
| 165|0x000000070b500000, 0x000000070b500000, 0x000000070b600000|  0%| F|  |TAMS 0x000000070b500000, 0x000000070b500000| Untracked 
| 166|0x000000070b600000, 0x000000070b600000, 0x000000070b700000|  0%| F|  |TAMS 0x000000070b600000, 0x000000070b600000| Untracked 
| 167|0x000000070b700000, 0x000000070b700000, 0x000000070b800000|  0%| F|  |TAMS 0x000000070b700000, 0x000000070b700000| Untracked 
| 168|0x000000070b800000, 0x000000070b800000, 0x000000070b900000|  0%| F|  |TAMS 0x000000070b800000, 0x000000070b800000| Untracked 
| 169|0x000000070b900000, 0x000000070b900000, 0x000000070ba00000|  0%| F|  |TAMS 0x000000070b900000, 0x000000070b900000| Untracked 
| 170|0x000000070ba00000, 0x000000070ba00000, 0x000000070bb00000|  0%| F|  |TAMS 0x000000070ba00000, 0x000000070ba00000| Untracked 
| 171|0x000000070bb00000, 0x000000070bb00000, 0x000000070bc00000|  0%| F|  |TAMS 0x000000070bb00000, 0x000000070bb00000| Untracked 
| 172|0x000000070bc00000, 0x000000070bc00000, 0x000000070bd00000|  0%| F|  |TAMS 0x000000070bc00000, 0x000000070bc00000| Untracked 
| 173|0x000000070bd00000, 0x000000070bd00000, 0x000000070be00000|  0%| F|  |TAMS 0x000000070bd00000, 0x000000070bd00000| Untracked 
| 174|0x000000070be00000, 0x000000070be00000, 0x000000070bf00000|  0%| F|  |TAMS 0x000000070be00000, 0x000000070be00000| Untracked 
| 175|0x000000070bf00000, 0x000000070bf00000, 0x000000070c000000|  0%| F|  |TAMS 0x000000070bf00000, 0x000000070bf00000| Untracked 
| 176|0x000000070c000000, 0x000000070c000000, 0x000000070c100000|  0%| F|  |TAMS 0x000000070c000000, 0x000000070c000000| Untracked 
| 177|0x000000070c100000, 0x000000070c100000, 0x000000070c200000|  0%| F|  |TAMS 0x000000070c100000, 0x000000070c100000| Untracked 
| 178|0x000000070c200000, 0x000000070c200000, 0x000000070c300000|  0%| F|  |TAMS 0x000000070c200000, 0x000000070c200000| Untracked 
| 179|0x000000070c300000, 0x000000070c300000, 0x000000070c400000|  0%| F|  |TAMS 0x000000070c300000, 0x000000070c300000| Untracked 
| 180|0x000000070c400000, 0x000000070c400000, 0x000000070c500000|  0%| F|  |TAMS 0x000000070c400000, 0x000000070c400000| Untracked 
| 181|0x000000070c500000, 0x000000070c500000, 0x000000070c600000|  0%| F|  |TAMS 0x000000070c500000, 0x000000070c500000| Untracked 
| 182|0x000000070c600000, 0x000000070c600000, 0x000000070c700000|  0%| F|  |TAMS 0x000000070c600000, 0x000000070c600000| Untracked 
| 183|0x000000070c700000, 0x000000070c700000, 0x000000070c800000|  0%| F|  |TAMS 0x000000070c700000, 0x000000070c700000| Untracked 
| 184|0x000000070c800000, 0x000000070c800000, 0x000000070c900000|  0%| F|  |TAMS 0x000000070c800000, 0x000000070c800000| Untracked 
| 185|0x000000070c900000, 0x000000070c900000, 0x000000070ca00000|  0%| F|  |TAMS 0x000000070c900000, 0x000000070c900000| Untracked 
| 186|0x000000070ca00000, 0x000000070ca00000, 0x000000070cb00000|  0%| F|  |TAMS 0x000000070ca00000, 0x000000070ca00000| Untracked 
| 187|0x000000070cb00000, 0x000000070cb00000, 0x000000070cc00000|  0%| F|  |TAMS 0x000000070cb00000, 0x000000070cb00000| Untracked 
| 188|0x000000070cc00000, 0x000000070cc00000, 0x000000070cd00000|  0%| F|  |TAMS 0x000000070cc00000, 0x000000070cc00000| Untracked 
| 189|0x000000070cd00000, 0x000000070cd00000, 0x000000070ce00000|  0%| F|  |TAMS 0x000000070cd00000, 0x000000070cd00000| Untracked 
| 190|0x000000070ce00000, 0x000000070ce00000, 0x000000070cf00000|  0%| F|  |TAMS 0x000000070ce00000, 0x000000070ce00000| Untracked 
| 191|0x000000070cf00000, 0x000000070cf00000, 0x000000070d000000|  0%| F|  |TAMS 0x000000070cf00000, 0x000000070cf00000| Untracked 
| 192|0x000000070d000000, 0x000000070d000000, 0x000000070d100000|  0%| F|  |TAMS 0x000000070d000000, 0x000000070d000000| Untracked 
| 193|0x000000070d100000, 0x000000070d100000, 0x000000070d200000|  0%| F|  |TAMS 0x000000070d100000, 0x000000070d100000| Untracked 
| 194|0x000000070d200000, 0x000000070d200000, 0x000000070d300000|  0%| F|  |TAMS 0x000000070d200000, 0x000000070d200000| Untracked 
| 195|0x000000070d300000, 0x000000070d300000, 0x000000070d400000|  0%| F|  |TAMS 0x000000070d300000, 0x000000070d300000| Untracked 
| 196|0x000000070d400000, 0x000000070d400000, 0x000000070d500000|  0%| F|  |TAMS 0x000000070d400000, 0x000000070d400000| Untracked 
| 197|0x000000070d500000, 0x000000070d500000, 0x000000070d600000|  0%| F|  |TAMS 0x000000070d500000, 0x000000070d500000| Untracked 
| 198|0x000000070d600000, 0x000000070d600000, 0x000000070d700000|  0%| F|  |TAMS 0x000000070d600000, 0x000000070d600000| Untracked 
| 199|0x000000070d700000, 0x000000070d700000, 0x000000070d800000|  0%| F|  |TAMS 0x000000070d700000, 0x000000070d700000| Untracked 
| 200|0x000000070d800000, 0x000000070d800000, 0x000000070d900000|  0%| F|  |TAMS 0x000000070d800000, 0x000000070d800000| Untracked 
| 201|0x000000070d900000, 0x000000070d900000, 0x000000070da00000|  0%| F|  |TAMS 0x000000070d900000, 0x000000070d900000| Untracked 
| 202|0x000000070da00000, 0x000000070da00000, 0x000000070db00000|  0%| F|  |TAMS 0x000000070da00000, 0x000000070da00000| Untracked 
| 203|0x000000070db00000, 0x000000070db00000, 0x000000070dc00000|  0%| F|  |TAMS 0x000000070db00000, 0x000000070db00000| Untracked 
| 204|0x000000070dc00000, 0x000000070dc00000, 0x000000070dd00000|  0%| F|  |TAMS 0x000000070dc00000, 0x000000070dc00000| Untracked 
| 205|0x000000070dd00000, 0x000000070dd00000, 0x000000070de00000|  0%| F|  |TAMS 0x000000070dd00000, 0x000000070dd00000| Untracked 
| 206|0x000000070de00000, 0x000000070de00000, 0x000000070df00000|  0%| F|  |TAMS 0x000000070de00000, 0x000000070de00000| Untracked 
| 207|0x000000070df00000, 0x000000070df00000, 0x000000070e000000|  0%| F|  |TAMS 0x000000070df00000, 0x000000070df00000| Untracked 
| 208|0x000000070e000000, 0x000000070e000000, 0x000000070e100000|  0%| F|  |TAMS 0x000000070e000000, 0x000000070e000000| Untracked 
| 209|0x000000070e100000, 0x000000070e100000, 0x000000070e200000|  0%| F|  |TAMS 0x000000070e100000, 0x000000070e100000| Untracked 
| 210|0x000000070e200000, 0x000000070e200000, 0x000000070e300000|  0%| F|  |TAMS 0x000000070e200000, 0x000000070e200000| Untracked 
| 211|0x000000070e300000, 0x000000070e300000, 0x000000070e400000|  0%| F|  |TAMS 0x000000070e300000, 0x000000070e300000| Untracked 
| 212|0x000000070e400000, 0x000000070e400000, 0x000000070e500000|  0%| F|  |TAMS 0x000000070e400000, 0x000000070e400000| Untracked 
| 213|0x000000070e500000, 0x000000070e500000, 0x000000070e600000|  0%| F|  |TAMS 0x000000070e500000, 0x000000070e500000| Untracked 
| 214|0x000000070e600000, 0x000000070e600000, 0x000000070e700000|  0%| F|  |TAMS 0x000000070e600000, 0x000000070e600000| Untracked 
| 215|0x000000070e700000, 0x000000070e700000, 0x000000070e800000|  0%| F|  |TAMS 0x000000070e700000, 0x000000070e700000| Untracked 
| 216|0x000000070e800000, 0x000000070e800000, 0x000000070e900000|  0%| F|  |TAMS 0x000000070e800000, 0x000000070e800000| Untracked 
| 217|0x000000070e900000, 0x000000070e900000, 0x000000070ea00000|  0%| F|  |TAMS 0x000000070e900000, 0x000000070e900000| Untracked 
| 218|0x000000070ea00000, 0x000000070ea00000, 0x000000070eb00000|  0%| F|  |TAMS 0x000000070ea00000, 0x000000070ea00000| Untracked 
| 219|0x000000070eb00000, 0x000000070eb00000, 0x000000070ec00000|  0%| F|  |TAMS 0x000000070eb00000, 0x000000070eb00000| Untracked 
| 220|0x000000070ec00000, 0x000000070ec00000, 0x000000070ed00000|  0%| F|  |TAMS 0x000000070ec00000, 0x000000070ec00000| Untracked 
| 221|0x000000070ed00000, 0x000000070ed00000, 0x000000070ee00000|  0%| F|  |TAMS 0x000000070ed00000, 0x000000070ed00000| Untracked 
| 222|0x000000070ee00000, 0x000000070ee00000, 0x000000070ef00000|  0%| F|  |TAMS 0x000000070ee00000, 0x000000070ee00000| Untracked 
| 223|0x000000070ef00000, 0x000000070ef00000, 0x000000070f000000|  0%| F|  |TAMS 0x000000070ef00000, 0x000000070ef00000| Untracked 
| 224|0x000000070f000000, 0x000000070f000000, 0x000000070f100000|  0%| F|  |TAMS 0x000000070f000000, 0x000000070f000000| Untracked 
| 225|0x000000070f100000, 0x000000070f100000, 0x000000070f200000|  0%| F|  |TAMS 0x000000070f100000, 0x000000070f100000| Untracked 
| 226|0x000000070f200000, 0x000000070f200000, 0x000000070f300000|  0%| F|  |TAMS 0x000000070f200000, 0x000000070f200000| Untracked 
| 227|0x000000070f300000, 0x000000070f300000, 0x000000070f400000|  0%| F|  |TAMS 0x000000070f300000, 0x000000070f300000| Untracked 
| 228|0x000000070f400000, 0x000000070f400000, 0x000000070f500000|  0%| F|  |TAMS 0x000000070f400000, 0x000000070f400000| Untracked 
| 229|0x000000070f500000, 0x000000070f500000, 0x000000070f600000|  0%| F|  |TAMS 0x000000070f500000, 0x000000070f500000| Untracked 
| 230|0x000000070f600000, 0x000000070f600000, 0x000000070f700000|  0%| F|  |TAMS 0x000000070f600000, 0x000000070f600000| Untracked 
| 231|0x000000070f700000, 0x000000070f700000, 0x000000070f800000|  0%| F|  |TAMS 0x000000070f700000, 0x000000070f700000| Untracked 
| 232|0x000000070f800000, 0x000000070f800000, 0x000000070f900000|  0%| F|  |TAMS 0x000000070f800000, 0x000000070f800000| Untracked 
| 233|0x000000070f900000, 0x000000070f900000, 0x000000070fa00000|  0%| F|  |TAMS 0x000000070f900000, 0x000000070f900000| Untracked 
| 234|0x000000070fa00000, 0x000000070fa00000, 0x000000070fb00000|  0%| F|  |TAMS 0x000000070fa00000, 0x000000070fa00000| Untracked 
| 235|0x000000070fb00000, 0x000000070fb00000, 0x000000070fc00000|  0%| F|  |TAMS 0x000000070fb00000, 0x000000070fb00000| Untracked 
| 236|0x000000070fc00000, 0x000000070fc00000, 0x000000070fd00000|  0%| F|  |TAMS 0x000000070fc00000, 0x000000070fc00000| Untracked 
| 237|0x000000070fd00000, 0x000000070fd00000, 0x000000070fe00000|  0%| F|  |TAMS 0x000000070fd00000, 0x000000070fd00000| Untracked 
| 238|0x000000070fe00000, 0x000000070fe00000, 0x000000070ff00000|  0%| F|  |TAMS 0x000000070fe00000, 0x000000070fe00000| Untracked 
| 239|0x000000070ff00000, 0x000000070ff00000, 0x0000000710000000|  0%| F|  |TAMS 0x000000070ff00000, 0x000000070ff00000| Untracked 
| 240|0x0000000710000000, 0x0000000710000000, 0x0000000710100000|  0%| F|  |TAMS 0x0000000710000000, 0x0000000710000000| Untracked 
| 241|0x0000000710100000, 0x0000000710100000, 0x0000000710200000|  0%| F|  |TAMS 0x0000000710100000, 0x0000000710100000| Untracked 
| 242|0x0000000710200000, 0x0000000710200000, 0x0000000710300000|  0%| F|  |TAMS 0x0000000710200000, 0x0000000710200000| Untracked 
| 243|0x0000000710300000, 0x0000000710300000, 0x0000000710400000|  0%| F|  |TAMS 0x0000000710300000, 0x0000000710300000| Untracked 
| 244|0x0000000710400000, 0x0000000710400000, 0x0000000710500000|  0%| F|  |TAMS 0x0000000710400000, 0x0000000710400000| Untracked 
| 245|0x0000000710500000, 0x0000000710500000, 0x0000000710600000|  0%| F|  |TAMS 0x0000000710500000, 0x0000000710500000| Untracked 
| 246|0x0000000710600000, 0x00000007106fa920, 0x0000000710700000| 97%| E|  |TAMS 0x0000000710600000, 0x0000000710600000| Complete 
| 247|0x0000000710700000, 0x0000000710800000, 0x0000000710800000|100%| E|CS|TAMS 0x0000000710700000, 0x0000000710700000| Complete 
| 248|0x0000000710800000, 0x0000000710900000, 0x0000000710900000|100%| E|CS|TAMS 0x0000000710800000, 0x0000000710800000| Complete 
| 249|0x0000000710900000, 0x0000000710a00000, 0x0000000710a00000|100%| E|CS|TAMS 0x0000000710900000, 0x0000000710900000| Complete 
| 250|0x0000000710a00000, 0x0000000710b00000, 0x0000000710b00000|100%| E|CS|TAMS 0x0000000710a00000, 0x0000000710a00000| Complete 
| 251|0x0000000710b00000, 0x0000000710c00000, 0x0000000710c00000|100%| E|CS|TAMS 0x0000000710b00000, 0x0000000710b00000| Complete 
| 252|0x0000000710c00000, 0x0000000710d00000, 0x0000000710d00000|100%| E|CS|TAMS 0x0000000710c00000, 0x0000000710c00000| Complete 
| 253|0x0000000710d00000, 0x0000000710e00000, 0x0000000710e00000|100%| E|  |TAMS 0x0000000710d00000, 0x0000000710d00000| Complete 
| 254|0x0000000710e00000, 0x0000000710f00000, 0x0000000710f00000|100%| E|CS|TAMS 0x0000000710e00000, 0x0000000710e00000| Complete 
| 255|0x0000000710f00000, 0x0000000711000000, 0x0000000711000000|100%| E|CS|TAMS 0x0000000710f00000, 0x0000000710f00000| Complete 

Card table byte_map: [0x0000023779a80000,0x000002377a280000] _byte_map_base: 0x0000023776278000

Marking Bits (Prev, Next): (CMBitMap*) 0x0000023770255a78, (CMBitMap*) 0x0000023770255ab8
 Prev Bits: [0x000002377aa80000, 0x000002377ea40000)
 Next Bits: [0x000002370f000000, 0x0000023712fc0000)

Polling page: 0x000002376e130000

Metaspace:

Usage:
  Non-class:      5.10 MB capacity,     2.75 MB ( 54%) used,     2.35 MB ( 46%) free+waste,     6.38 KB ( <1%) overhead. 
      Class:    508.00 KB capacity,   252.97 KB ( 50%) used,   251.41 KB ( 49%) free+waste,     3.63 KB ( <1%) overhead. 
       Both:      5.60 MB capacity,     3.00 MB ( 54%) used,     2.59 MB ( 46%) free+waste,    10.00 KB ( <1%) overhead. 

Virtual space:
  Non-class space:        8.00 MB reserved,       5.25 MB ( 66%) committed 
      Class space:        1.00 GB reserved,     512.00 KB ( <1%) committed 
             Both:        1.01 GB reserved,       5.75 MB ( <1%) committed 

Chunk freelists:
   Non-Class:  25.00 KB
       Class:  4.00 KB
        Both:  29.00 KB

MaxMetaspaceSize: 17179869184.00 GB
CompressedClassSpaceSize: 1.00 GB

CodeHeap 'non-profiled nmethods': size=119168Kb used=247Kb max_used=247Kb free=118920Kb
 bounds [0x0000023707ba0000, 0x0000023707e10000, 0x000002370f000000]
CodeHeap 'profiled nmethods': size=119104Kb used=1450Kb max_used=1450Kb free=117653Kb
 bounds [0x0000023700750000, 0x00000237009c0000, 0x0000023707ba0000]
CodeHeap 'non-nmethods': size=7488Kb used=2574Kb max_used=2590Kb free=4913Kb
 bounds [0x0000023700000000, 0x0000023700290000, 0x0000023700750000]
 total_blobs=1565 nmethods=772 adapters=704
 compilation: enabled
              stopped_count=0, restarted_count=0
 full_count=0

Compilation events (20 events):
Event: 0.883 Thread 0x000002377fda2800 nmethod 760 0x00000237008a3810 code [0x00000237008a3a40, 0x00000237008a41c8]
Event: 0.884 Thread 0x000002377fda2800  764       3       java.lang.Float::isNaN (12 bytes)
Event: 0.884 Thread 0x000002377fda2800 nmethod 764 0x00000237008a4590 code [0x00000237008a4720, 0x00000237008a4878]
Event: 0.884 Thread 0x000002377fda2800  765       3       java.io.FilterInputStream::read (8 bytes)
Event: 0.884 Thread 0x000002377fda2800 nmethod 765 0x00000237008a4910 code [0x00000237008a4ac0, 0x00000237008a4ca8]
Event: 0.884 Thread 0x000002377fda2800  766       3       java.util.zip.InflaterInputStream::read (32 bytes)
Event: 0.884 Thread 0x000002377fc67800 nmethod 749 0x0000023707bdbb90 code [0x0000023707bdbdc0, 0x0000023707bdc900]
Event: 0.884 Thread 0x000002377fc67800  763       4       java.lang.StringLatin1::replace (198 bytes)
Event: 0.884 Thread 0x000002377fda2800 nmethod 766 0x00000237008a4d90 code [0x00000237008a4f60, 0x00000237008a53d8]
Event: 0.884 Thread 0x000002377fda2800  767       3       java.lang.Byte::toUnsignedInt (6 bytes)
Event: 0.884 Thread 0x000002377fda2800 nmethod 767 0x00000237008a5590 code [0x00000237008a5720, 0x00000237008a57f8]
Event: 0.884 Thread 0x000002377fda2800  768       3       java.lang.ref.SoftReference::get (29 bytes)
Event: 0.885 Thread 0x000002377fda2800 nmethod 768 0x00000237008a5890 code [0x00000237008a5a20, 0x00000237008a5c18]
Event: 0.885 Thread 0x0000023715d23000 nmethod 762 0x00000237008a5c90 code [0x00000237008a6120, 0x00000237008a81d8]
Event: 0.886 Thread 0x0000023715d23000  770       3       java.lang.String::getChars (54 bytes)
Event: 0.886 Thread 0x000002377fda2800  771       3       java.lang.StringLatin1::getChars (12 bytes)
Event: 0.886 Thread 0x000002377fda2800 nmethod 771 0x00000237008a8b90 code [0x00000237008a8d20, 0x00000237008a8e28]
Event: 0.887 Thread 0x0000023715d23000 nmethod 770 0x00000237008a8f10 code [0x00000237008a9100, 0x00000237008a95d8]
Event: 0.887 Thread 0x000002377fda2800  772       3       sun.net.www.protocol.jar.Handler::checkNestedProtocol (18 bytes)
Event: 0.887 Thread 0x000002377fda2800 nmethod 772 0x00000237008a9810 code [0x00000237008a99c0, 0x00000237008a9ba8]

GC Heap History (0 events):
No events

Deoptimization events (20 events):
Event: 0.259 Thread 0x00000237701e2000 Uncommon trap: trap_request=0xffffff45 fr.pc=0x0000023707ba1424 relative=0x0000000000000084
Event: 0.259 Thread 0x00000237701e2000 Uncommon trap: reason=unstable_if action=reinterpret pc=0x0000023707ba1424 method=java.lang.String.isLatin1()Z @ 10 c2
Event: 0.259 Thread 0x00000237701e2000 DEOPT PACKING pc=0x0000023707ba1424 sp=0x000000a50d9fef40
Event: 0.259 Thread 0x00000237701e2000 DEOPT UNPACKING pc=0x000002370004912f sp=0x000000a50d9fee80 mode 2
Event: 0.269 Thread 0x00000237701e2000 DEOPT PACKING pc=0x00000237007e1eb2 sp=0x000000a50d9f9c40
Event: 0.269 Thread 0x00000237701e2000 DEOPT UNPACKING pc=0x000002370004964e sp=0x000000a50d9f90a8 mode 0
Event: 0.270 Thread 0x00000237701e2000 DEOPT PACKING pc=0x000002370075e9a4 sp=0x000000a50d9f80d0
Event: 0.270 Thread 0x00000237701e2000 DEOPT UNPACKING pc=0x000002370004964e sp=0x000000a50d9f7568 mode 0
Event: 0.281 Thread 0x00000237701e2000 DEOPT PACKING pc=0x00000237007c1750 sp=0x000000a50d9f6a00
Event: 0.281 Thread 0x00000237701e2000 DEOPT UNPACKING pc=0x000002370004964e sp=0x000000a50d9f5e88 mode 0
Event: 0.318 Thread 0x00000237701e2000 Uncommon trap: trap_request=0xffffff45 fr.pc=0x0000023707bb4844 relative=0x0000000000000044
Event: 0.318 Thread 0x00000237701e2000 Uncommon trap: reason=unstable_if action=reinterpret pc=0x0000023707bb4844 method=java.lang.CharacterData.of(I)Ljava/lang/CharacterData; @ 4 c2
Event: 0.318 Thread 0x00000237701e2000 DEOPT PACKING pc=0x0000023707bb4844 sp=0x000000a50d9fb4e0
Event: 0.318 Thread 0x00000237701e2000 DEOPT UNPACKING pc=0x000002370004912f sp=0x000000a50d9fb480 mode 2
Event: 0.336 Thread 0x00000237701e2000 DEOPT PACKING pc=0x000002370075f65f sp=0x000000a50d9fb6e0
Event: 0.336 Thread 0x00000237701e2000 DEOPT UNPACKING pc=0x000002370004964e sp=0x000000a50d9fab30 mode 0
Event: 0.588 Thread 0x00000237701e2000 DEOPT PACKING pc=0x000002370075eebb sp=0x000000a50d9f9340
Event: 0.588 Thread 0x00000237701e2000 DEOPT UNPACKING pc=0x000002370004964e sp=0x000000a50d9f87e0 mode 0
Event: 0.883 Thread 0x00000237701e2000 DEOPT PACKING pc=0x00000237007ab4d9 sp=0x000000a50d9fd3a0
Event: 0.883 Thread 0x00000237701e2000 DEOPT UNPACKING pc=0x000002370004964e sp=0x000000a50d9fc860 mode 0

Classes unloaded (0 events):
No events

Classes redefined (0 events):
No events

Internal exceptions (4 events):
Event: 0.286 Thread 0x00000237701e2000 Exception <a 'java/lang/NoSuchMethodError'{0x0000000710915aa8}: 'void java.lang.invoke.DelegatingMethodHandle$Holder.delegate(java.lang.Object, java.lang.Object, int, java.lang.Object)'> (0x0000000710915aa8) 
thrown [./src/hotspot/share/interpreter/linkResolver.cpp, line 767]
Event: 0.287 Thread 0x00000237701e2000 Exception <a 'java/lang/NoSuchMethodError'{0x000000071091c5b0}: 'java.lang.Object java.lang.invoke.DirectMethodHandle$Holder.invokeStaticInit(java.lang.Object, java.lang.Object, java.lang.Object)'> (0x000000071091c5b0) 
thrown [./src/hotspot/share/interpreter/linkResolver.cpp, line 767]
Event: 0.885 Thread 0x00000237701e2000 Exception <a 'sun/nio/fs/WindowsException'{0x00000007106b7268}> (0x00000007106b7268) 
thrown [./src/hotspot/share/prims/jni.cpp, line 598]
Event: 0.886 Thread 0x00000237701e2000 Exception <a 'sun/nio/fs/WindowsException'{0x00000007106b7738}> (0x00000007106b7738) 
thrown [./src/hotspot/share/prims/jni.cpp, line 598]

Events (20 events):
Event: 0.884 loading class org/lwjgl/opengl/GL$4
Event: 0.884 loading class org/lwjgl/opengl/GL$4 done
Event: 0.885 loading class sun/nio/fs/WindowsException
Event: 0.885 loading class sun/nio/fs/WindowsException done
Event: 0.885 Executing VM operation: Deoptimize
Event: 0.885 Executing VM operation: Deoptimize done
Event: 0.885 loading class sun/nio/fs/WindowsDirectoryStream
Event: 0.886 loading class java/nio/file/DirectoryStream
Event: 0.886 loading class java/nio/file/DirectoryStream done
Event: 0.886 loading class sun/nio/fs/WindowsDirectoryStream done
Event: 0.886 loading class java/nio/file/NoSuchFileException
Event: 0.886 loading class java/nio/file/FileSystemException
Event: 0.886 loading class java/nio/file/FileSystemException done
Event: 0.886 loading class java/nio/file/NoSuchFileException done
Event: 0.886 loading class org/lwjgl/opengl/GL$1
Event: 0.886 loading class org/lwjgl/opengl/GL$1 done
Event: 0.886 loading class org/lwjgl/opengl/GL$SharedLibraryGL
Event: 0.886 loading class org/lwjgl/opengl/GL$SharedLibraryGL done
Event: 0.887 loading class org/lwjgl/system/SharedLibrary$Delegate
Event: 0.887 loading class org/lwjgl/system/SharedLibrary$Delegate done


Dynamic libraries:
0x00007ff7e2770000 - 0x00007ff7e277d000 	C:\Users\Leon\.jdks\azul-13.0.11\bin\java.exe
0x00007ffd51ab0000 - 0x00007ffd51ca8000 	C:\Windows\SYSTEM32\ntdll.dll
0x00007ffd519b0000 - 0x00007ffd51a6d000 	C:\Windows\System32\KERNEL32.DLL
0x00007ffd4f840000 - 0x00007ffd4fb0e000 	C:\Windows\System32\KERNELBASE.dll
0x00007ffd4a230000 - 0x00007ffd4a247000 	C:\Users\Leon\.jdks\azul-13.0.11\bin\jli.dll
0x00007ffd4f3d0000 - 0x00007ffd4f4d0000 	C:\Windows\System32\ucrtbase.dll
0x00007ffd49e00000 - 0x00007ffd49e15000 	C:\Users\Leon\.jdks\azul-13.0.11\bin\VCRUNTIME140.dll
0x00007ffd51570000 - 0x00007ffd51710000 	C:\Windows\System32\USER32.dll
0x00007ffd3b6a0000 - 0x00007ffd3b93a000 	C:\Windows\WinSxS\amd64_microsoft.windows.common-controls_6595b64144ccf1df_6.0.19041.1110_none_60b5254171f9507e\COMCTL32.dll
0x00007ffd4f1d0000 - 0x00007ffd4f1f2000 	C:\Windows\System32\win32u.dll
0x00007ffd51060000 - 0x00007ffd5108a000 	C:\Windows\System32\GDI32.dll
0x00007ffd51910000 - 0x00007ffd519ae000 	C:\Windows\System32\msvcrt.dll
0x00007ffd4f200000 - 0x00007ffd4f30b000 	C:\Windows\System32\gdi32full.dll
0x00007ffd4f7a0000 - 0x00007ffd4f83d000 	C:\Windows\System32\msvcp_win.dll
0x00007ffd50270000 - 0x00007ffd502a0000 	C:\Windows\System32\IMM32.DLL
0x00007ffd45130000 - 0x00007ffd451cb000 	C:\Users\Leon\.jdks\azul-13.0.11\bin\msvcp140.dll
0x00007ffd1aba0000 - 0x00007ffd1b798000 	C:\Users\Leon\.jdks\azul-13.0.11\bin\server\jvm.dll
0x00007ffd502a0000 - 0x00007ffd5034e000 	C:\Windows\System32\ADVAPI32.dll
0x00007ffd51710000 - 0x00007ffd517ac000 	C:\Windows\System32\sechost.dll
0x00007ffd51090000 - 0x00007ffd511b5000 	C:\Windows\System32\RPCRT4.dll
0x00007ffd50200000 - 0x00007ffd50208000 	C:\Windows\System32\PSAPI.DLL
0x00007ffd48e40000 - 0x00007ffd48e4a000 	C:\Windows\SYSTEM32\VERSION.dll
0x00007ffd38c80000 - 0x00007ffd38c89000 	C:\Windows\SYSTEM32\WSOCK32.dll
0x00007ffd4ffe0000 - 0x00007ffd5004b000 	C:\Windows\System32\WS2_32.dll
0x00007ffd46670000 - 0x00007ffd46697000 	C:\Windows\SYSTEM32\WINMM.dll
0x00007ffd4da70000 - 0x00007ffd4da82000 	C:\Windows\SYSTEM32\kernel.appcore.dll
0x00007ffd47260000 - 0x00007ffd47270000 	C:\Users\Leon\.jdks\azul-13.0.11\bin\verify.dll
0x00007ffd4cf10000 - 0x00007ffd4d0f4000 	C:\Windows\SYSTEM32\DBGHELP.DLL
0x00007ffd37f10000 - 0x00007ffd37f3c000 	C:\Windows\SYSTEM32\dbgcore.DLL
0x00007ffd4f4d0000 - 0x00007ffd4f552000 	C:\Windows\System32\bcryptPrimitives.dll
0x00007ffd44bd0000 - 0x00007ffd44bf6000 	C:\Users\Leon\.jdks\azul-13.0.11\bin\java.dll
0x00007ffd46810000 - 0x00007ffd4681a000 	C:\Users\Leon\.jdks\azul-13.0.11\bin\jimage.dll
0x00007ffd45120000 - 0x00007ffd4512e000 	C:\Users\Leon\.jdks\azul-13.0.11\bin\instrument.dll
0x00007ffd467d0000 - 0x00007ffd467e7000 	C:\Users\Leon\.jdks\azul-13.0.11\bin\zip.dll
0x00007ffd50350000 - 0x00007ffd50a94000 	C:\Windows\System32\SHELL32.dll
0x00007ffd4d1a0000 - 0x00007ffd4d934000 	C:\Windows\SYSTEM32\windows.storage.dll
0x00007ffd4fc20000 - 0x00007ffd4ff74000 	C:\Windows\System32\combase.dll
0x00007ffd4eb50000 - 0x00007ffd4eb80000 	C:\Windows\SYSTEM32\Wldp.dll
0x00007ffd511c0000 - 0x00007ffd5126d000 	C:\Windows\System32\SHCORE.dll
0x00007ffd51000000 - 0x00007ffd51055000 	C:\Windows\System32\shlwapi.dll
0x00007ffd4f110000 - 0x00007ffd4f12f000 	C:\Windows\SYSTEM32\profapi.dll
0x00007ffd44bb0000 - 0x00007ffd44bc9000 	C:\Users\Leon\.jdks\azul-13.0.11\bin\net.dll
0x00007ffd49bc0000 - 0x00007ffd49cca000 	C:\Windows\SYSTEM32\WINHTTP.dll
0x00007ffd4e930000 - 0x00007ffd4e99a000 	C:\Windows\system32\mswsock.dll
0x00007ffd44b90000 - 0x00007ffd44ba2000 	C:\Users\Leon\.jdks\azul-13.0.11\bin\nio.dll
0x00007ffd44840000 - 0x00007ffd4485a000 	F:\Program Files (x86)\IntelliJ IDEA 2022.1\bin\breakgen64.dll
0x00007ffd2af70000 - 0x00007ffd2afc7000 	C:\Users\Leon\AppData\Local\Temp\lwjglLeon\3.1.2-build-29\lwjgl.dll
0x00007ffd33410000 - 0x00007ffd3344d000 	C:\Users\Leon\AppData\Local\Temp\lwjglLeon\3.1.2-build-29\glfw.dll
0x00007ffd4c780000 - 0x00007ffd4c81e000 	C:\Windows\system32\uxtheme.dll
0x00007ffd27bd0000 - 0x00007ffd27c15000 	C:\Windows\SYSTEM32\dinput8.dll
0x00007ffcfeb10000 - 0x00007ffcfeb21000 	C:\Windows\SYSTEM32\xinput1_4.dll
0x00007ffd4f310000 - 0x00007ffd4f35e000 	C:\Windows\System32\cfgmgr32.dll
0x00007ffd4ef80000 - 0x00007ffd4efac000 	C:\Windows\SYSTEM32\DEVOBJ.dll
0x00007ffd4ca90000 - 0x00007ffd4cabf000 	C:\Windows\SYSTEM32\dwmapi.dll
0x00007ffd3c260000 - 0x00007ffd3c3b2000 	C:\Windows\SYSTEM32\inputhost.dll
0x00007ffd51840000 - 0x00007ffd5190d000 	C:\Windows\System32\OLEAUT32.dll
0x00007ffd4b540000 - 0x00007ffd4b694000 	C:\Windows\SYSTEM32\wintypes.dll
0x00007ffd49a10000 - 0x00007ffd49b06000 	C:\Windows\SYSTEM32\PROPSYS.dll
0x00007ffd4c140000 - 0x00007ffd4c232000 	C:\Windows\SYSTEM32\CoreMessaging.dll
0x00007ffd4bde0000 - 0x00007ffd4c13e000 	C:\Windows\SYSTEM32\CoreUIComponents.dll
0x00007ffd4de90000 - 0x00007ffd4dec3000 	C:\Windows\SYSTEM32\ntmarta.dll
0x00007ffd51450000 - 0x00007ffd51565000 	C:\Windows\System32\MSCTF.dll
0x00007ffd4da30000 - 0x00007ffd4da3d000 	C:\Windows\SYSTEM32\HID.DLL
0x00007ffd50ab0000 - 0x00007ffd50f1f000 	C:\Windows\System32\SETUPAPI.DLL
0x00007ffd4f770000 - 0x00007ffd4f797000 	C:\Windows\System32\bcrypt.dll
0x00007ffd4f360000 - 0x00007ffd4f3c8000 	C:\Windows\System32\WINTRUST.dll
0x00007ffd4f610000 - 0x00007ffd4f766000 	C:\Windows\System32\CRYPT32.dll
0x00007ffd4edc0000 - 0x00007ffd4edd2000 	C:\Windows\SYSTEM32\MSASN1.dll
0x00007ffd307e0000 - 0x00007ffd3081c000 	C:\Users\Leon\AppData\Local\Temp\lwjglLeon\3.1.2-build-29\jemalloc.dll
0x00007ffd13a80000 - 0x00007ffd13ba7000 	C:\Windows\SYSTEM32\opengl32.dll
0x00007ffd2b250000 - 0x00007ffd2b27c000 	C:\Windows\SYSTEM32\GLU32.dll
0x00007ffd513a0000 - 0x00007ffd51449000 	C:\Windows\System32\clbcatq.dll
0x00007ffd25d00000 - 0x00007ffd25d2d000 	C:\Windows\System32\DriverStore\FileRepository\u0379219.inf_amd64_3649648678001de4\B378972\atig6pxx.dll
0x00007ffcfaa10000 - 0x00007ffcfd88f000 	C:\Windows\System32\DriverStore\FileRepository\u0379219.inf_amd64_3649648678001de4\B378972\atio6axx.dll
0x00007ffd51270000 - 0x00007ffd5139a000 	C:\Windows\System32\ole32.dll
0x00007ffd43db0000 - 0x00007ffd43dd4000 	C:\Windows\SYSTEM32\dxva2.dll
0x00007ffd1d2c0000 - 0x00007ffd1d2ff000 	C:\Windows\System32\DriverStore\FileRepository\u0379219.inf_amd64_3649648678001de4\B378972\atig6txx.dll
0x00007ffd235d0000 - 0x00007ffd237a4000 	C:\Windows\SYSTEM32\atiadlxx.dll
0x00007ffd33bb0000 - 0x00007ffd33bf9000 	C:\Windows\SYSTEM32\pdh.dll
0x00007ffd466d0000 - 0x00007ffd4670b000 	C:\Windows\SYSTEM32\dxcore.dll
0x00007ffd3ea30000 - 0x00007ffd3eb29000 	C:\Windows\SYSTEM32\textinputframework.dll
0x00007ffd25d60000 - 0x00007ffd25dbc000 	C:\Users\Leon\AppData\Local\Temp\lwjglLeon\3.1.2-build-29\lwjgl_opengl.dll

dbghelp: loaded successfully - version: 4.0.5 - missing functions: none
symbol engine: initialized successfully - sym options: 0x614 - pdb path: .;C:\Users\Leon\.jdks\azul-13.0.11\bin;C:\Windows\SYSTEM32;C:\Windows\WinSxS\amd64_microsoft.windows.common-controls_6595b64144ccf1df_6.0.19041.1110_none_60b5254171f9507e;C:\Users\Leon\.jdks\azul-13.0.11\bin\server;F:\Program Files (x86)\IntelliJ IDEA 2022.1\bin;C:\Users\Leon\AppData\Local\Temp\lwjglLeon\3.1.2-build-29;C:\Windows\System32\DriverStore\FileRepository\u0379219.inf_amd64_3649648678001de4\B378972

VM Arguments:
jvm_args: -javaagent:F:\Program Files (x86)\IntelliJ IDEA 2022.1\lib\idea_rt.jar=58360:F:\Program Files (x86)\IntelliJ IDEA 2022.1\bin -Dfile.encoding=UTF-8 
java_command: CGA.User.main
java_class_path (initial): E:\Th_Koeln\Fächer\CGA\Praktikum\TESTEN\CGA19_Framework Alternate - KopieNEU\CGA19_Framework Alternate - KopieNEU - Kopie\out\production\CGA19_Framework Alternate;E:\Th_Koeln\Fächer\CGA\Praktikum\TESTEN\CGA19_Framework Alternate - KopieNEU\CGA19_Framework Alternate - KopieNEU - Kopie\libs\lwjgl-release-3.1.2-custom\lwjgl-openal-javadoc.jar;E:\Th_Koeln\Fächer\CGA\Praktikum\TESTEN\CGA19_Framework Alternate - KopieNEU\CGA19_Framework Alternate - KopieNEU - Kopie\libs\lwjgl-release-3.1.2-custom\lwjgl-openvr-natives-linux.jar;E:\Th_Koeln\Fächer\CGA\Praktikum\TESTEN\CGA19_Framework Alternate - KopieNEU\CGA19_Framework Alternate - KopieNEU - Kopie\libs\lwjgl-release-3.1.2-custom\lwjgl-openvr-sources.jar;E:\Th_Koeln\Fächer\CGA\Praktikum\TESTEN\CGA19_Framework Alternate - KopieNEU\CGA19_Framework Alternate - KopieNEU - Kopie\libs\lwjgl-release-3.1.2-custom\lwjgl-par-javadoc.jar;E:\Th_Koeln\Fächer\CGA\Praktikum\TESTEN\CGA19_Framework Alternate - KopieNEU\CGA19_Framework Alternate - KopieNEU - Kopie\libs\lwjgl-release-3.1.2-custom\lwjgl-assimp-natives-windows.jar;E:\Th_Koeln\Fächer\CGA\Praktikum\TESTEN\CGA19_Framework Alternate - KopieNEU\CGA19_Framework Alternate - KopieNEU - Kopie\libs\lwjgl-release-3.1.2-custom\lwjgl-bgfx-natives-windows.jar;E:\Th_Koeln\Fächer\CGA\Praktikum\TESTEN\CGA19_Framework Alternate - KopieNEU\CGA19_Framework Alternate - KopieNEU - Kopie\libs\lwjgl-release-3.1.2-custom\lwjgl-openal-natives-linux.jar;E:\Th_Koeln\Fächer\CGA\Praktikum\TESTEN\CGA19_Framework Alternate - KopieNEU\CGA19_Framework Alternate - KopieNEU - Kopie\libs\lwjgl-release-3.1.2-custom\lwjgl-xxhash-javadoc.jar;E:\Th_Koeln\Fächer\CGA\Praktikum\TESTEN\CGA19_Framework Alternate - KopieNEU\CGA19_Framework Alternate - KopieNEU - Kopie\libs\lwjgl-release-3.1.2-custom\lwjgl-stb-natives-linux.jar;E:\Th_Koeln\Fächer\CGA\Praktikum\TESTEN\CGA19_Framework Alternate - KopieNEU\CGA19_Framework Alternate - KopieNEU - Kopie\libs\lwjgl-release-3.1.2-custom\lwjgl-assimp-nati
Launcher Type: SUN_STANDARD

[Global flags]
     intx CICompilerCount                          = 12                                        {product} {ergonomic}
     uint ConcGCThreads                            = 3                                         {product} {ergonomic}
     uint G1ConcRefinementThreads                  = 13                                        {product} {ergonomic}
   size_t G1HeapRegionSize                         = 1048576                                   {product} {ergonomic}
    uintx GCDrainStackTargetSize                   = 64                                        {product} {ergonomic}
   size_t InitialHeapSize                          = 268435456                                 {product} {ergonomic}
   size_t MarkStackSize                            = 4194304                                   {product} {ergonomic}
   size_t MaxHeapSize                              = 4278190080                                {product} {ergonomic}
   size_t MaxNewSize                               = 2566914048                                {product} {ergonomic}
   size_t MinHeapDeltaBytes                        = 1048576                                   {product} {ergonomic}
   size_t MinHeapSize                              = 8388608                                   {product} {ergonomic}
    uintx NonNMethodCodeHeapSize                   = 7602480                                {pd product} {ergonomic}
    uintx NonProfiledCodeHeapSize                  = 122027880                              {pd product} {ergonomic}
    uintx ProfiledCodeHeapSize                     = 122027880                              {pd product} {ergonomic}
    uintx ReservedCodeCacheSize                    = 251658240                              {pd product} {ergonomic}
     bool SegmentedCodeCache                       = true                                      {product} {ergonomic}
   size_t SoftMaxHeapSize                          = 4278190080                             {manageable} {ergonomic}
     bool UseCompressedClassPointers               = true                                 {lp64_product} {ergonomic}
     bool UseCompressedOops                        = true                                 {lp64_product} {ergonomic}
     bool UseG1GC                                  = true                                      {product} {ergonomic}
     bool UseLargePagesIndividualAllocation        = false                                  {pd product} {ergonomic}

Logging:
Log output configuration:
 #0: stdout all=warning uptime,level,tags
 #1: stderr all=off uptime,level,tags

Environment Variables:
PATH=C:\Program Files (x86)\NVIDIA Corporation\PhysX\Common;C:\Windows\system32;C:\Windows;C:\Windows\System32\Wbem;C:\Windows\System32\WindowsPowerShell\v1.0\;C:\Windows\System32\OpenSSH\;C:\Program Files\dotnet\;C:\Users\Leon\AppData\Local\Microsoft\WindowsApps;C:\Users\Leon\AppData\Local\Programs\Git\cmd
USERNAME=Leon
OS=Windows_NT
PROCESSOR_IDENTIFIER=AMD64 Family 23 Model 8 Stepping 2, AuthenticAMD



---------------  S Y S T E M  ---------------

OS: Windows 10 , 64 bit Build 19041 (10.0.19041.1889)
OS uptime: 3 days 1:19 hours
HyperV virtualization detected

CPU:total 16 (initial active 16) (16 cores per cpu, 2 threads per core) family 23 model 8 stepping 2, cmov, cx8, fxsr, mmx, sse, sse2, sse3, ssse3, sse4.1, sse4.2, popcnt, avx, avx2, aes, clmul, mmxext, 3dnowpref, lzcnt, sse4a, ht, tsc, tscinvbit, tscinv, bmi1, bmi2, adx, sha, fma

Memory: 4k page, system-wide physical 16312M (5723M free)
TotalPageFile size 31672M (AvailPageFile size 11846M)
current process WorkingSet (physical memory assigned to process): 90M, peak: 90M
current process commit charge ("private bytes"): 482M, peak: 482M

vm_info: OpenJDK 64-Bit Server VM (13.0.11+4-MTS) for windows-amd64 JRE (13.0.11+4-MTS) (Zulu13.48+19-CA), built on Apr 16 2022 16:17:57 by "zulu_re" with MS VC++ 15.9 (VS2017)

END.
